4214  13:55:29 select(8, [4 5], [], NULL, NULL) = 1 (in [5])
4214  13:55:31 clock_gettime(CLOCK_BOOTTIME, {28184, 560227473}) = 0
4214  13:55:31 read(5, "\r", 16384)     = 1
4214  13:55:31 clock_gettime(CLOCK_BOOTTIME, {28184, 560671220}) = 0
4214  13:55:31 clock_gettime(CLOCK_BOOTTIME, {28184, 560832941}) = 0
4214  13:55:31 select(8, [4 5], [4], NULL, NULL) = 1 (out [4])
4214  13:55:31 clock_gettime(CLOCK_BOOTTIME, {28184, 561180471}) = 0
4214  13:55:31 write(4, "\222@\247\253\2101\376\253\361@\32\240\302nC\320\10|\35ZB\203+\235[\231\340\356-\330\216\372"..., 40) = 40
4214  13:55:31 clock_gettime(CLOCK_BOOTTIME, {28184, 561935581}) = 0
4214  13:55:31 clock_gettime(CLOCK_BOOTTIME, {28184, 562179961}) = 0
4214  13:55:31 select(8, [4 5], [], NULL, NULL) = 1 (in [4])
4214  13:55:31 clock_gettime(CLOCK_BOOTTIME, {28184, 564793986}) = 0
4214  13:55:31 read(4, "L\372z\264\27\317$\300\222\245O\343OhWQ7\361\32mD?\263\270\263\260T\3627\300v\243"..., 8192) = 72
4214  13:55:31 clock_gettime(CLOCK_BOOTTIME, {28184, 565364832}) = 0
4214  13:55:31 clock_gettime(CLOCK_BOOTTIME, {28184, 565636779}) = 0
4214  13:55:31 select(8, [4 5], [6], NULL, NULL) = 1 (out [6])
4214  13:55:31 clock_gettime(CLOCK_BOOTTIME, {28184, 566646404}) = 0
4214  13:55:31 write(6, "\r\n\33]0;root@localhost:~\7[root@loc"..., 43) = 43
4214  13:55:31 clock_gettime(CLOCK_BOOTTIME, {28184, 567188143}) = 0
4214  13:55:31 clock_gettime(CLOCK_BOOTTIME, {28184, 568802970}) = 0
4214  13:55:31 select(8, [4 5], [], NULL, NULL) = 1 (in [5])
4214  13:55:32 clock_gettime(CLOCK_BOOTTIME, {28185, 563893201}) = 0
4214  13:55:32 read(5, "l", 16384)      = 1
4214  13:55:32 clock_gettime(CLOCK_BOOTTIME, {28185, 565836151}) = 0
4214  13:55:32 clock_gettime(CLOCK_BOOTTIME, {28185, 567763496}) = 0
4214  13:55:32 select(8, [4 5], [4], NULL, NULL) = 1 (out [4])
4214  13:55:32 clock_gettime(CLOCK_BOOTTIME, {28185, 568722238}) = 0
4214  13:55:32 write(4, "y \207\243\216{\233_\336\221\357I\244Fd\333\260\220\n\24'\254\222\v\\\211Ie+L\274\233"..., 40) = 40
4214  13:55:32 clock_gettime(CLOCK_BOOTTIME, {28185, 569509341}) = 0
4214  13:55:32 clock_gettime(CLOCK_BOOTTIME, {28185, 569894268}) = 0
4214  13:55:32 select(8, [4 5], [], NULL, NULL) = 1 (in [4])
4214  13:55:32 clock_gettime(CLOCK_BOOTTIME, {28185, 572222242}) = 0
4214  13:55:32 read(4, ";\376\232\220\300c\231w\237\206\17U\320\232\377\320\322\320Y|7\7\r\367,\224\221\10\312\350x\367"..., 8192) = 40
4214  13:55:32 clock_gettime(CLOCK_BOOTTIME, {28185, 572858764}) = 0
4214  13:55:32 clock_gettime(CLOCK_BOOTTIME, {28185, 573120375}) = 0
4214  13:55:32 select(8, [4 5], [6], NULL, NULL) = 1 (out [6])
4214  13:55:32 clock_gettime(CLOCK_BOOTTIME, {28185, 573871485}) = 0
4214  13:55:32 write(6, "l", 1)         = 1
4214  13:55:32 clock_gettime(CLOCK_BOOTTIME, {28185, 574702809}) = 0
4214  13:55:32 clock_gettime(CLOCK_BOOTTIME, {28185, 575191303}) = 0
4214  13:55:32 select(8, [4 5], [], NULL, NULL) = 1 (in [5])
4214  13:55:32 clock_gettime(CLOCK_BOOTTIME, {28185, 729119099}) = 0
4214  13:55:32 read(5, "l", 16384)      = 1
4214  13:55:32 clock_gettime(CLOCK_BOOTTIME, {28185, 729688571}) = 0
4214  13:55:32 clock_gettime(CLOCK_BOOTTIME, {28185, 729827842}) = 0
4214  13:55:32 select(8, [4 5], [4], NULL, NULL) = 1 (out [4])
4214  13:55:32 clock_gettime(CLOCK_BOOTTIME, {28185, 730241160}) = 0
4214  13:55:32 write(4, "\3266\361q\240z\222R!\5\216Lz6\377\326p\217\342\2029\237\214\302\275\307\347\214\237\366\363f"..., 40) = 40
4214  13:55:32 clock_gettime(CLOCK_BOOTTIME, {28185, 730664750}) = 0
4214  13:55:32 clock_gettime(CLOCK_BOOTTIME, {28185, 730819078}) = 0
4214  13:55:32 select(8, [4 5], [], NULL, NULL) = 1 (in [4])
4214  13:55:32 clock_gettime(CLOCK_BOOTTIME, {28185, 732900732}) = 0
4214  13:55:32 read(4, "kx\341\30\321p\232v\340+\313C\177,\21\325\354&k\215\204\367\4\202+/AimT\357\261"..., 8192) = 40
4214  13:55:32 clock_gettime(CLOCK_BOOTTIME, {28185, 733239555}) = 0
4214  13:55:32 clock_gettime(CLOCK_BOOTTIME, {28185, 733420347}) = 0
4214  13:55:32 select(8, [4 5], [6], NULL, NULL) = 1 (out [6])
4214  13:55:32 clock_gettime(CLOCK_BOOTTIME, {28185, 733707458}) = 0
4214  13:55:32 write(6, "l", 1)         = 1
4214  13:55:32 clock_gettime(CLOCK_BOOTTIME, {28185, 734126211}) = 0
4214  13:55:32 clock_gettime(CLOCK_BOOTTIME, {28185, 734343528}) = 0
4214  13:55:32 select(8, [4 5], [], NULL, NULL) = 1 (in [5])
4214  13:55:32 clock_gettime(CLOCK_BOOTTIME, {28186, 41547081}) = 0
4214  13:55:32 read(5, "\r", 16384)     = 1
4214  13:55:32 clock_gettime(CLOCK_BOOTTIME, {28186, 42109286}) = 0
4214  13:55:32 clock_gettime(CLOCK_BOOTTIME, {28186, 42332679}) = 0
4214  13:55:32 select(8, [4 5], [4], NULL, NULL) = 1 (out [4])
4214  13:55:32 clock_gettime(CLOCK_BOOTTIME, {28186, 42795290}) = 0
4214  13:55:32 write(4, "\3\305\225\351\370$s=z\f\261\342$\307h\267\27h\312(\1\6\nh\4\1\303I3\256\350\327"..., 40) = 40
4214  13:55:32 clock_gettime(CLOCK_BOOTTIME, {28186, 43351661}) = 0
4214  13:55:32 clock_gettime(CLOCK_BOOTTIME, {28186, 43526935}) = 0
4214  13:55:32 select(8, [4 5], [], NULL, NULL) = 1 (in [4])
4214  13:55:32 clock_gettime(CLOCK_BOOTTIME, {28186, 45453371}) = 0
4214  13:55:32 read(4, "/\310\335\\\317\310\31\244\\/\20\240\300\271\243\271n5dS\377QCXu\316\7\374\234\350\210\207"..., 8192) = 40
4214  13:55:32 clock_gettime(CLOCK_BOOTTIME, {28186, 45814640}) = 0
4214  13:55:32 clock_gettime(CLOCK_BOOTTIME, {28186, 45975532}) = 0
4214  13:55:32 select(8, [4 5], [6], NULL, NULL) = 1 (out [6])
4214  13:55:32 clock_gettime(CLOCK_BOOTTIME, {28186, 46336491}) = 0
4214  13:55:32 write(6, "\r\n", 2)      = 2
4214  13:55:32 clock_gettime(CLOCK_BOOTTIME, {28186, 46864347}) = 0
4214  13:55:32 clock_gettime(CLOCK_BOOTTIME, {28186, 48324999}) = 0
4214  13:55:32 select(8, [4 5], [], NULL, NULL) = 1 (in [4])
4214  13:55:32 clock_gettime(CLOCK_BOOTTIME, {28186, 53759163}) = 0
4214  13:55:32 read(4, "\315\334\223\252d\354\310\373\272\352\324\266\363\372\240J\2723\27\346\274\23o)#\364\355\310\23\377o\274"..., 8192) = 792
4214  13:55:32 clock_gettime(CLOCK_BOOTTIME, {28186, 59460255}) = 0
4214  13:55:32 clock_gettime(CLOCK_BOOTTIME, {28186, 59955200}) = 0
4214  13:55:32 select(8, [4 5], [6], NULL, NULL) = 1 (out [6])
4214  13:55:32 clock_gettime(CLOCK_BOOTTIME, {28186, 60538342}) = 0
4214  13:55:32 write(6, "total 92\r\n-rw-------. 1 root roo"..., 752) = 752
4214  13:55:32 clock_gettime(CLOCK_BOOTTIME, {28186, 61263104}) = 0
4214  13:55:32 clock_gettime(CLOCK_BOOTTIME, {28186, 62015263}) = 0
4214  13:55:32 select(8, [4 5], [], NULL, NULL) = 1 (in [5])
4214  13:55:33 clock_gettime(CLOCK_BOOTTIME, {28186, 995705264}) = 0
4214  13:55:33 read(5, "l", 16384)      = 1
4214  13:55:33 clock_gettime(CLOCK_BOOTTIME, {28186, 996136839}) = 0
4214  13:55:33 clock_gettime(CLOCK_BOOTTIME, {28186, 996511846}) = 0
4214  13:55:33 select(8, [4 5], [4], NULL, NULL) = 1 (out [4])
4214  13:55:33 clock_gettime(CLOCK_BOOTTIME, {28186, 997010349}) = 0
4214  13:55:33 write(4, "@\241\217\204\241\224\377\0175g\270\334\\\214\351\353\255S\227w\314\31\323l;]\233\250Z\262J\370"..., 40) = 40
4214  13:55:33 clock_gettime(CLOCK_BOOTTIME, {28186, 997774080}) = 0
4214  13:55:33 clock_gettime(CLOCK_BOOTTIME, {28186, 998006415}) = 0
4214  13:55:33 select(8, [4 5], [], NULL, NULL) = 1 (in [4])
4214  13:55:33 clock_gettime(CLOCK_BOOTTIME, {28187, 299610}) = 0
4214  13:55:33 read(4, "\231Cw\315\372\262[\235\0178\3154N\205\261px\302\213\331\32\271++\247D.W\274\2238\242"..., 8192) = 40
4214  13:55:33 clock_gettime(CLOCK_BOOTTIME, {28187, 831660}) = 0
4214  13:55:33 clock_gettime(CLOCK_BOOTTIME, {28187, 1007434}) = 0
4214  13:55:33 select(8, [4 5], [6], NULL, NULL) = 1 (out [6])
4214  13:55:33 clock_gettime(CLOCK_BOOTTIME, {28187, 1373640}) = 0
4214  13:55:33 write(6, "l", 1)         = 1
4214  13:55:33 clock_gettime(CLOCK_BOOTTIME, {28187, 2067609}) = 0
4214  13:55:33 clock_gettime(CLOCK_BOOTTIME, {28187, 2773018}) = 0
4214  13:55:33 select(8, [4 5], [], NULL, NULL) = 1 (in [5])
4214  13:55:33 clock_gettime(CLOCK_BOOTTIME, {28187, 82439108}) = 0
4214  13:55:33 read(5, "s", 16384)      = 1
4214  13:55:33 clock_gettime(CLOCK_BOOTTIME, {28187, 83483450}) = 0
4214  13:55:33 clock_gettime(CLOCK_BOOTTIME, {28187, 83670071}) = 0
4214  13:55:33 select(8, [4 5], [4], NULL, NULL) = 1 (out [4])
4214  13:55:33 clock_gettime(CLOCK_BOOTTIME, {28187, 84106037}) = 0
4214  13:55:33 write(4, "\23\34\346\343x\206\372\233@H\350\3i\203.\225.\205\372t\325~UY\204\300\264B\5M\23>"..., 40) = 40
4214  13:55:33 clock_gettime(CLOCK_BOOTTIME, {28187, 84590201}) = 0
4214  13:55:33 clock_gettime(CLOCK_BOOTTIME, {28187, 84771852}) = 0
4214  13:55:33 select(8, [4 5], [], NULL, NULL) = 1 (in [4])
4214  13:55:33 clock_gettime(CLOCK_BOOTTIME, {28187, 86452878}) = 0
4214  13:55:33 read(4, "*\252\371[b\271\306\253J\275)\375V\251i\352\304\230BD\260'\23\306B\r{\240\200\250B\206"..., 8192) = 40
4214  13:55:33 clock_gettime(CLOCK_BOOTTIME, {28187, 86883656}) = 0
4214  13:55:33 clock_gettime(CLOCK_BOOTTIME, {28187, 87069256}) = 0
4214  13:55:33 select(8, [4 5], [6], NULL, NULL) = 1 (out [6])
4214  13:55:33 clock_gettime(CLOCK_BOOTTIME, {28187, 87440867}) = 0
4214  13:55:33 write(6, "s", 1)         = 1
4214  13:55:33 clock_gettime(CLOCK_BOOTTIME, {28187, 88505225}) = 0
4214  13:55:33 clock_gettime(CLOCK_BOOTTIME, {28187, 88835801}) = 0
4214  13:55:33 select(8, [4 5], [], NULL, NULL) = 1 (in [5])
4214  13:55:34 clock_gettime(CLOCK_BOOTTIME, {28187, 882864702}) = 0
4214  13:55:34 read(5, "\10", 16384)    = 1
4214  13:55:34 clock_gettime(CLOCK_BOOTTIME, {28187, 883867837}) = 0
4214  13:55:34 clock_gettime(CLOCK_BOOTTIME, {28187, 884254352}) = 0
4214  13:55:34 select(8, [4 5], [4], NULL, NULL) = 1 (out [4])
4214  13:55:34 clock_gettime(CLOCK_BOOTTIME, {28187, 885032688}) = 0
4214  13:55:34 write(4, "\34\10\6\304\221v@-\325{\367\274Z\352\26\312\212\252\307\316\243\213\20Qe\323P\266\241\227\315\341"..., 40) = 40
4214  13:55:34 clock_gettime(CLOCK_BOOTTIME, {28187, 886188561}) = 0
4214  13:55:34 clock_gettime(CLOCK_BOOTTIME, {28187, 886558660}) = 0
4214  13:55:34 select(8, [4 5], [], NULL, NULL) = 1 (in [4])
4214  13:55:34 clock_gettime(CLOCK_BOOTTIME, {28187, 888899184}) = 0
4214  13:55:34 read(4, "\250\237H\377q$h\221\227b&\245\237\215\320\366\373\216BIf\343\236\323\212w+g:C2\276"..., 8192) = 40
4214  13:55:34 clock_gettime(CLOCK_BOOTTIME, {28187, 889638506}) = 0
4214  13:55:34 clock_gettime(CLOCK_BOOTTIME, {28187, 889955301}) = 0
4214  13:55:34 select(8, [4 5], [6], NULL, NULL) = 1 (out [6])
4214  13:55:34 clock_gettime(CLOCK_BOOTTIME, {28187, 890642259}) = 0
4214  13:55:34 write(6, "\10\33[K", 4)  = 4
4214  13:55:34 clock_gettime(CLOCK_BOOTTIME, {28187, 891838589}) = 0
4214  13:55:34 clock_gettime(CLOCK_BOOTTIME, {28187, 894233399}) = 0
4214  13:55:34 select(8, [4 5], [], NULL, NULL) = 1 (in [5])
4214  13:55:34 clock_gettime(CLOCK_BOOTTIME, {28188, 30961485}) = 0
4214  13:55:34 read(5, "\10", 16384)    = 1
4214  13:55:34 clock_gettime(CLOCK_BOOTTIME, {28188, 31068487}) = 0
4214  13:55:34 clock_gettime(CLOCK_BOOTTIME, {28188, 31103844}) = 0
4214  13:55:34 select(8, [4 5], [4], NULL, NULL) = 1 (out [4])
4214  13:55:34 clock_gettime(CLOCK_BOOTTIME, {28188, 31196957}) = 0
4214  13:55:34 write(4, "%d\245\255\257By\236.\20Q\236\274\233\255\t7\324\350\243\363\366>~;\326\1\263\17\3515\370"..., 40) = 40
4214  13:55:34 clock_gettime(CLOCK_BOOTTIME, {28188, 31424287}) = 0
4214  13:55:34 clock_gettime(CLOCK_BOOTTIME, {28188, 31467255}) = 0
4214  13:55:34 select(8, [4 5], [], NULL, NULL) = 1 (in [4])
4214  13:55:34 clock_gettime(CLOCK_BOOTTIME, {28188, 33160740}) = 0
4214  13:55:34 read(4, "\"\3451\202\226\362\\\334|\371\t\353\233\2\320\244\2\353\256\24\267G4d2`$\300M\v\246\371"..., 8192) = 40
4214  13:55:34 clock_gettime(CLOCK_BOOTTIME, {28188, 33275042}) = 0
4214  13:55:34 clock_gettime(CLOCK_BOOTTIME, {28188, 33313303}) = 0
4214  13:55:34 select(8, [4 5], [6], NULL, NULL) = 1 (out [6])
4214  13:55:34 clock_gettime(CLOCK_BOOTTIME, {28188, 33433225}) = 0
4214  13:55:34 write(6, "\10\33[K", 4)  = 4
4214  13:55:34 clock_gettime(CLOCK_BOOTTIME, {28188, 33721498}) = 0
4214  13:55:34 clock_gettime(CLOCK_BOOTTIME, {28188, 33759119}) = 0
4214  13:55:34 select(8, [4 5], [], NULL, NULL) = 1 (in [5])
4214  13:55:35 clock_gettime(CLOCK_BOOTTIME, {28188, 247918728}) = 0
4214  13:55:35 read(5, "d", 16384)      = 1
4214  13:55:35 clock_gettime(CLOCK_BOOTTIME, {28188, 248117773}) = 0
4214  13:55:35 clock_gettime(CLOCK_BOOTTIME, {28188, 248179822}) = 0
4214  13:55:35 select(8, [4 5], [4], NULL, NULL) = 1 (out [4])
4214  13:55:35 clock_gettime(CLOCK_BOOTTIME, {28188, 248390166}) = 0
4214  13:55:35 write(4, "\311\0t\227x\247\374\214Vk_v\334\245\206\2078\237\310\263\21>%\1w\307\227\334\17\250X<"..., 40) = 40
4214  13:55:35 clock_gettime(CLOCK_BOOTTIME, {28188, 248685259}) = 0
4214  13:55:35 clock_gettime(CLOCK_BOOTTIME, {28188, 248761905}) = 0
4214  13:55:35 select(8, [4 5], [], NULL, NULL) = 1 (in [4])
4214  13:55:35 clock_gettime(CLOCK_BOOTTIME, {28188, 252274290}) = 0
4214  13:55:35 read(4, "\307,hV]\0044\210\256\216\322A|\3\256\0332\36\354\365\240\346\233\243\3\371\5\367\307Y\321\254"..., 8192) = 40
4214  13:55:35 clock_gettime(CLOCK_BOOTTIME, {28188, 254200621}) = 0
4214  13:55:35 clock_gettime(CLOCK_BOOTTIME, {28188, 254249563}) = 0
4214  13:55:35 select(8, [4 5], [6], NULL, NULL) = 1 (out [6])
4214  13:55:35 clock_gettime(CLOCK_BOOTTIME, {28188, 254508185}) = 0
4214  13:55:35 write(6, "d", 1)         = 1
4214  13:55:35 clock_gettime(CLOCK_BOOTTIME, {28188, 255011611}) = 0
4214  13:55:35 clock_gettime(CLOCK_BOOTTIME, {28188, 255097766}) = 0
4214  13:55:35 select(8, [4 5], [], NULL, NULL) = 1 (in [5])
4214  13:55:35 clock_gettime(CLOCK_BOOTTIME, {28188, 446764057}) = 0
4214  13:55:35 read(5, "f", 16384)      = 1
4214  13:55:35 clock_gettime(CLOCK_BOOTTIME, {28188, 446904897}) = 0
4214  13:55:35 clock_gettime(CLOCK_BOOTTIME, {28188, 446940557}) = 0
4214  13:55:35 select(8, [4 5], [4], NULL, NULL) = 1 (out [4])
4214  13:55:35 clock_gettime(CLOCK_BOOTTIME, {28188, 447030016}) = 0
4214  13:55:35 write(4, "*}B\343\300\27\204\373\363\240\271\264\352\2311\300,J\337\277\v\244\vV\366\345\254\342f\255\344b"..., 40) = 40
4214  13:55:35 clock_gettime(CLOCK_BOOTTIME, {28188, 447276774}) = 0
4214  13:55:35 clock_gettime(CLOCK_BOOTTIME, {28188, 447338522}) = 0
4214  13:55:35 select(8, [4 5], [], NULL, NULL) = 1 (in [4])
4214  13:55:35 clock_gettime(CLOCK_BOOTTIME, {28188, 449633820}) = 0
4214  13:55:35 read(4, "M\202&\374A\223\357\224[l\357\324\234\203DU\376\230\313I\34.\366\222\203\344\260\371\201KI;"..., 8192) = 40
4214  13:55:35 clock_gettime(CLOCK_BOOTTIME, {28188, 449770547}) = 0
4214  13:55:35 clock_gettime(CLOCK_BOOTTIME, {28188, 449806017}) = 0
4214  13:55:35 select(8, [4 5], [6], NULL, NULL) = 1 (out [6])
4214  13:55:35 clock_gettime(CLOCK_BOOTTIME, {28188, 449888434}) = 0
4214  13:55:35 write(6, "f", 1)         = 1
4214  13:55:35 clock_gettime(CLOCK_BOOTTIME, {28188, 450132560}) = 0
4214  13:55:35 clock_gettime(CLOCK_BOOTTIME, {28188, 450168584}) = 0
4214  13:55:35 select(8, [4 5], [], NULL, NULL) = 1 (in [5])
4214  13:55:35 clock_gettime(CLOCK_BOOTTIME, {28188, 825360791}) = 0
4214  13:55:35 read(5, " ", 16384)      = 1
4214  13:55:35 clock_gettime(CLOCK_BOOTTIME, {28188, 825640021}) = 0
4214  13:55:35 clock_gettime(CLOCK_BOOTTIME, {28188, 825736594}) = 0
4214  13:55:35 select(8, [4 5], [4], NULL, NULL) = 1 (out [4])
4214  13:55:35 clock_gettime(CLOCK_BOOTTIME, {28188, 825941638}) = 0
4214  13:55:35 write(4, "\253\232\345\372\324\25\27\2\346\374\221\225\354\347J\363\314\306\223\367W\313\224\205h\213u\262b\363\260\213"..., 40) = 40
4214  13:55:35 clock_gettime(CLOCK_BOOTTIME, {28188, 826387629}) = 0
4214  13:55:35 clock_gettime(CLOCK_BOOTTIME, {28188, 826474250}) = 0
4214  13:55:35 select(8, [4 5], [], NULL, NULL) = 1 (in [4])
4214  13:55:35 clock_gettime(CLOCK_BOOTTIME, {28188, 829975486}) = 0
4214  13:55:35 read(4, "\337\315\265\233@b\37\207\"\23\2\2743\216~TQt\231\376\226\263\3501\327N\262,R5@\225"..., 8192) = 40
4214  13:55:35 clock_gettime(CLOCK_BOOTTIME, {28188, 830358638}) = 0
4214  13:55:35 clock_gettime(CLOCK_BOOTTIME, {28188, 830473548}) = 0
4214  13:55:35 select(8, [4 5], [6], NULL, NULL) = 1 (out [6])
4214  13:55:35 clock_gettime(CLOCK_BOOTTIME, {28188, 830740836}) = 0
4214  13:55:35 write(6, " ", 1)         = 1
4214  13:55:35 clock_gettime(CLOCK_BOOTTIME, {28188, 831424712}) = 0
4214  13:55:35 clock_gettime(CLOCK_BOOTTIME, {28188, 831543221}) = 0
4214  13:55:35 select(8, [4 5], [], NULL, NULL) = 1 (in [5])
4214  13:55:35 clock_gettime(CLOCK_BOOTTIME, {28189, 90831133}) = 0
4214  13:55:35 read(5, "-", 16384)      = 1
4214  13:55:35 clock_gettime(CLOCK_BOOTTIME, {28189, 90900723}) = 0
4214  13:55:35 clock_gettime(CLOCK_BOOTTIME, {28189, 90917496}) = 0
4214  13:55:35 select(8, [4 5], [4], NULL, NULL) = 1 (out [4])
4214  13:55:35 clock_gettime(CLOCK_BOOTTIME, {28189, 90959033}) = 0
4214  13:55:35 write(4, "\347A`7JS\277Z\246\273\23s\16VJ\254\307\256\300_\5\316\243xE\274\213\25k\264\230G"..., 40) = 40
4214  13:55:35 clock_gettime(CLOCK_BOOTTIME, {28189, 91162655}) = 0
4214  13:55:35 clock_gettime(CLOCK_BOOTTIME, {28189, 91199569}) = 0
4214  13:55:35 select(8, [4 5], [], NULL, NULL) = 1 (in [4])
4214  13:55:35 clock_gettime(CLOCK_BOOTTIME, {28189, 93536455}) = 0
4214  13:55:35 read(4, "&\1\253}\331R\320\351\243e\4\355X\336C\353\374\335\27\"\347ysYC4\334\370m[zu"..., 8192) = 40
4214  13:55:35 clock_gettime(CLOCK_BOOTTIME, {28189, 93609949}) = 0
4214  13:55:35 clock_gettime(CLOCK_BOOTTIME, {28189, 93627987}) = 0
4214  13:55:35 select(8, [4 5], [6], NULL, NULL) = 1 (out [6])
4214  13:55:35 clock_gettime(CLOCK_BOOTTIME, {28189, 93672604}) = 0
4214  13:55:35 write(6, "-", 1)         = 1
4214  13:55:35 clock_gettime(CLOCK_BOOTTIME, {28189, 93837591}) = 0
4214  13:55:35 clock_gettime(CLOCK_BOOTTIME, {28189, 93856891}) = 0
4214  13:55:35 select(8, [4 5], [], NULL, NULL) = 1 (in [5])
4214  13:55:36 clock_gettime(CLOCK_BOOTTIME, {28189, 468488749}) = 0
4214  13:55:36 read(5, "h", 16384)      = 1
4214  13:55:36 clock_gettime(CLOCK_BOOTTIME, {28189, 468683911}) = 0
4214  13:55:36 clock_gettime(CLOCK_BOOTTIME, {28189, 468725033}) = 0
4214  13:55:36 select(8, [4 5], [4], NULL, NULL) = 1 (out [4])
4214  13:55:36 clock_gettime(CLOCK_BOOTTIME, {28189, 468833704}) = 0
4214  13:55:36 write(4, "\276\320\264ba\216\255+\333\336rL\341\325\25\203\275\216\27\210ko6\314\317\305'\342\320\330\3171"..., 40) = 40
4214  13:55:36 clock_gettime(CLOCK_BOOTTIME, {28189, 469158150}) = 0
4214  13:55:36 clock_gettime(CLOCK_BOOTTIME, {28189, 469206161}) = 0
4214  13:55:36 select(8, [4 5], [], NULL, NULL) = 1 (in [4])
4214  13:55:36 clock_gettime(CLOCK_BOOTTIME, {28189, 474566245}) = 0
4214  13:55:36 read(4, "\336rK!#\316\261hro\243\212\260\3\35pk7\355o\7p\220\325\315\333g\247\241\362Y\222"..., 8192) = 40
4214  13:55:36 clock_gettime(CLOCK_BOOTTIME, {28189, 474807355}) = 0
4214  13:55:36 clock_gettime(CLOCK_BOOTTIME, {28189, 474887388}) = 0
4214  13:55:36 select(8, [4 5], [6], NULL, NULL) = 1 (out [6])
4214  13:55:36 clock_gettime(CLOCK_BOOTTIME, {28189, 475145078}) = 0
4214  13:55:36 write(6, "h", 1)         = 1
4214  13:55:36 clock_gettime(CLOCK_BOOTTIME, {28189, 475643226}) = 0
4214  13:55:36 clock_gettime(CLOCK_BOOTTIME, {28189, 475695884}) = 0
4214  13:55:36 select(8, [4 5], [], NULL, NULL) = 1 (in [5])
4214  13:55:36 clock_gettime(CLOCK_BOOTTIME, {28189, 759568026}) = 0
4214  13:55:36 read(5, "\r", 16384)     = 1
4214  13:55:36 clock_gettime(CLOCK_BOOTTIME, {28189, 759634355}) = 0
4214  13:55:36 clock_gettime(CLOCK_BOOTTIME, {28189, 759653529}) = 0
4214  13:55:36 select(8, [4 5], [4], NULL, NULL) = 1 (out [4])
4214  13:55:36 clock_gettime(CLOCK_BOOTTIME, {28189, 759702396}) = 0
4214  13:55:36 write(4, "\370\253\25\351\2544\242\31G\267\206\325U\321\36^\266\276x\34'~\356'mD\232\226j\264<+"..., 40) = 40
4214  13:55:36 clock_gettime(CLOCK_BOOTTIME, {28189, 759855435}) = 0
4214  13:55:36 clock_gettime(CLOCK_BOOTTIME, {28189, 759889980}) = 0
4214  13:55:36 select(8, [4 5], [], NULL, NULL) = 1 (in [4])
4214  13:55:36 clock_gettime(CLOCK_BOOTTIME, {28189, 762515133}) = 0
4214  13:55:36 read(4, "\240u(\316\237\267p\321=\2+\256\266\321f\206\246\367ghG\3\227\316.@\210\303\27\240\v\332"..., 8192) = 40
4214  13:55:36 clock_gettime(CLOCK_BOOTTIME, {28189, 762600986}) = 0
4214  13:55:36 clock_gettime(CLOCK_BOOTTIME, {28189, 762623735}) = 0
4214  13:55:36 select(8, [4 5], [6], NULL, NULL) = 1 (out [6])
4214  13:55:36 clock_gettime(CLOCK_BOOTTIME, {28189, 762681600}) = 0
4214  13:55:36 write(6, "\r\n", 2)      = 2
4214  13:55:36 clock_gettime(CLOCK_BOOTTIME, {28189, 762944279}) = 0
4214  13:55:36 clock_gettime(CLOCK_BOOTTIME, {28189, 762985159}) = 0
4214  13:55:36 select(8, [4 5], [], NULL, NULL) = 1 (in [4])
4214  13:55:36 clock_gettime(CLOCK_BOOTTIME, {28189, 763561473}) = 0
4214  13:55:36 read(4, "X;A.Q\271\323\37\351\7\360\306\333d\345<\21+\302\221\374u\233\203\242*\202\f\241\275%<"..., 8192) = 248
4214  13:55:36 clock_gettime(CLOCK_BOOTTIME, {28189, 763894196}) = 0
4214  13:55:36 clock_gettime(CLOCK_BOOTTIME, {28189, 763923784}) = 0
4214  13:55:36 select(8, [4 5], [6], NULL, NULL) = 2 (in [4], out [6])
4214  13:55:36 clock_gettime(CLOCK_BOOTTIME, {28189, 763984138}) = 0
4214  13:55:36 write(6, "Filesystem            Size  Used"..., 208) = 208
4214  13:55:36 read(4, "\3162`\324\fM\240\373\201\3217\213EC\375\16u\2\r\246\7\0360\21\24\\Ap6v\322\231"..., 8192) = 216
4214  13:55:36 clock_gettime(CLOCK_BOOTTIME, {28189, 764288017}) = 0
4214  13:55:36 clock_gettime(CLOCK_BOOTTIME, {28189, 764308271}) = 0
4214  13:55:36 select(8, [4 5], [6], NULL, NULL) = 1 (out [6])
4214  13:55:36 clock_gettime(CLOCK_BOOTTIME, {28189, 764386922}) = 0
4214  13:55:36 write(6, "/dev/sr0               59M   59M"..., 106) = 106
4214  13:55:36 clock_gettime(CLOCK_BOOTTIME, {28189, 764540057}) = 0
4214  13:55:36 clock_gettime(CLOCK_BOOTTIME, {28189, 764561742}) = 0
4214  13:55:36 select(8, [4 5], [], NULL, NULL) = 1 (in [5])
4214  13:55:37 clock_gettime(CLOCK_BOOTTIME, {28190, 871964206}) = 0
4214  13:55:37 read(5, "e", 16384)      = 1
4214  13:55:37 clock_gettime(CLOCK_BOOTTIME, {28190, 872107824}) = 0
4214  13:55:37 clock_gettime(CLOCK_BOOTTIME, {28190, 872159268}) = 0
4214  13:55:37 select(8, [4 5], [4], NULL, NULL) = 1 (out [4])
4214  13:55:37 clock_gettime(CLOCK_BOOTTIME, {28190, 872392408}) = 0
4214  13:55:37 write(4, "T\351\206\303\274\317S\322\302\241(\314V\273\205AO9\204BHw\25\335\234T\262\226\233\341\37\253"..., 40) = 40
4214  13:55:37 clock_gettime(CLOCK_BOOTTIME, {28190, 872654038}) = 0
4214  13:55:37 clock_gettime(CLOCK_BOOTTIME, {28190, 872745960}) = 0
4214  13:55:37 select(8, [4 5], [], NULL, NULL) = 1 (in [4])
4214  13:55:37 clock_gettime(CLOCK_BOOTTIME, {28190, 876026676}) = 0
4214  13:55:37 read(4, "\315\252!\360\343\374I\233\245\314%OY}1\302\344q\372R\251\10\336\215^\245\261I\320\311\354S"..., 8192) = 40
4214  13:55:37 clock_gettime(CLOCK_BOOTTIME, {28190, 876161963}) = 0
4214  13:55:37 clock_gettime(CLOCK_BOOTTIME, {28190, 876297050}) = 0
4214  13:55:37 select(8, [4 5], [6], NULL, NULL) = 1 (out [6])
4214  13:55:37 clock_gettime(CLOCK_BOOTTIME, {28190, 876394481}) = 0
4214  13:55:37 write(6, "e", 1)         = 1
4214  13:55:37 clock_gettime(CLOCK_BOOTTIME, {28190, 876775269}) = 0
4214  13:55:37 clock_gettime(CLOCK_BOOTTIME, {28190, 876827017}) = 0
4214  13:55:37 select(8, [4 5], [], NULL, NULL) = 1 (in [5])
4214  13:55:37 clock_gettime(CLOCK_BOOTTIME, {28191, 69035702}) = 0
4214  13:55:37 read(5, "x", 16384)      = 1
4214  13:55:37 clock_gettime(CLOCK_BOOTTIME, {28191, 69169529}) = 0
4214  13:55:37 clock_gettime(CLOCK_BOOTTIME, {28191, 69192916}) = 0
4214  13:55:37 select(8, [4 5], [4], NULL, NULL) = 1 (out [4])
4214  13:55:37 clock_gettime(CLOCK_BOOTTIME, {28191, 69253113}) = 0
4214  13:55:37 write(4, "K\360t\v\222n\31\204\334-\345\345w{R\220\236G\212D\251\16\353\251+\247k6\243\236\342\350"..., 40) = 40
4214  13:55:37 clock_gettime(CLOCK_BOOTTIME, {28191, 69423218}) = 0
4214  13:55:37 clock_gettime(CLOCK_BOOTTIME, {28191, 69453912}) = 0
4214  13:55:37 select(8, [4 5], [], NULL, NULL) = 1 (in [4])
4214  13:55:37 clock_gettime(CLOCK_BOOTTIME, {28191, 72175090}) = 0
4214  13:55:37 read(4, "\20\332\214\263\332\274%T\"\266\371G\27\234q\326\331F\236\332\205h\357\v\345X\37\354v\216\220\365"..., 8192) = 40
4214  13:55:37 clock_gettime(CLOCK_BOOTTIME, {28191, 72283395}) = 0
4214  13:55:37 clock_gettime(CLOCK_BOOTTIME, {28191, 72317550}) = 0
4214  13:55:37 select(8, [4 5], [6], NULL, NULL) = 1 (out [6])
4214  13:55:37 clock_gettime(CLOCK_BOOTTIME, {28191, 72407210}) = 0
4214  13:55:37 write(6, "x", 1)         = 1
4214  13:55:37 clock_gettime(CLOCK_BOOTTIME, {28191, 72632730}) = 0
4214  13:55:37 clock_gettime(CLOCK_BOOTTIME, {28191, 72654700}) = 0
4214  13:55:37 select(8, [4 5], [], NULL, NULL) = 1 (in [5])
4214  13:55:38 clock_gettime(CLOCK_BOOTTIME, {28191, 293180200}) = 0
4214  13:55:38 read(5, "i", 16384)      = 1
4214  13:55:38 clock_gettime(CLOCK_BOOTTIME, {28191, 293479436}) = 0
4214  13:55:38 clock_gettime(CLOCK_BOOTTIME, {28191, 293563019}) = 0
4214  13:55:38 select(8, [4 5], [4], NULL, NULL) = 1 (out [4])
4214  13:55:38 clock_gettime(CLOCK_BOOTTIME, {28191, 293752588}) = 0
4214  13:55:38 write(4, "4\205\374\"\346\272Y]M|\356]\234\372\226p/0p\337J|\33yM\204nP\313Lq\3"..., 40) = 40
4214  13:55:38 clock_gettime(CLOCK_BOOTTIME, {28191, 294156084}) = 0
4214  13:55:38 clock_gettime(CLOCK_BOOTTIME, {28191, 294238492}) = 0
4214  13:55:38 select(8, [4 5], [], NULL, NULL) = 1 (in [4])
4214  13:55:38 clock_gettime(CLOCK_BOOTTIME, {28191, 297185247}) = 0
4214  13:55:38 read(4, "Z\257\"3n\277r`X\352B\16=\226h(\346B @T\210\24\355\377|L~\304Z\207\315"..., 8192) = 40
4214  13:55:38 clock_gettime(CLOCK_BOOTTIME, {28191, 297391720}) = 0
4214  13:55:38 clock_gettime(CLOCK_BOOTTIME, {28191, 297438796}) = 0
4214  13:55:38 select(8, [4 5], [6], NULL, NULL) = 1 (out [6])
4214  13:55:38 clock_gettime(CLOCK_BOOTTIME, {28191, 297549477}) = 0
4214  13:55:38 write(6, "i", 1)         = 1
4214  13:55:38 clock_gettime(CLOCK_BOOTTIME, {28191, 297892619}) = 0
4214  13:55:38 clock_gettime(CLOCK_BOOTTIME, {28191, 297937340}) = 0
4214  13:55:38 select(8, [4 5], [], NULL, NULL) = 1 (in [5])
4214  13:55:38 clock_gettime(CLOCK_BOOTTIME, {28191, 529902579}) = 0
4214  13:55:38 read(5, "t", 16384)      = 1
4214  13:55:38 clock_gettime(CLOCK_BOOTTIME, {28191, 530116141}) = 0
4214  13:55:38 clock_gettime(CLOCK_BOOTTIME, {28191, 530185004}) = 0
4214  13:55:38 select(8, [4 5], [4], NULL, NULL) = 1 (out [4])
4214  13:55:38 clock_gettime(CLOCK_BOOTTIME, {28191, 530350931}) = 0
4214  13:55:38 write(4, "!\n}\350ar\246\230\366\241\272o\277\212\244\331<\267\370.\20e\34\35[\21\202%ZG\336\242"..., 40) = 40
4214  13:55:38 clock_gettime(CLOCK_BOOTTIME, {28191, 530718723}) = 0
4214  13:55:38 clock_gettime(CLOCK_BOOTTIME, {28191, 530794622}) = 0
4214  13:55:38 select(8, [4 5], [], NULL, NULL) = 1 (in [4])
4214  13:55:38 clock_gettime(CLOCK_BOOTTIME, {28191, 533818026}) = 0
4214  13:55:38 read(4, ">\361u\321m@\242\203\236m\223\360\177\277/\22y\22P\351\276\301\367\246Ma\261\340\33L\367\301"..., 8192) = 40
4214  13:55:38 clock_gettime(CLOCK_BOOTTIME, {28191, 534068140}) = 0
4214  13:55:38 clock_gettime(CLOCK_BOOTTIME, {28191, 534206902}) = 0
4214  13:55:38 select(8, [4 5], [6], NULL, NULL) = 1 (out [6])
4214  13:55:38 clock_gettime(CLOCK_BOOTTIME, {28191, 534439298}) = 0
4214  13:55:38 write(6, "t", 1)         = 1
4214  13:55:38 clock_gettime(CLOCK_BOOTTIME, {28191, 535059404}) = 0
4214  13:55:38 clock_gettime(CLOCK_BOOTTIME, {28191, 535161336}) = 0
4214  13:55:38 select(8, [4 5], [], NULL, NULL) = 1 (in [5])
4214  13:55:38 clock_gettime(CLOCK_BOOTTIME, {28191, 937217287}) = 0
4214  13:55:38 read(5, "\r", 16384)     = 1
4214  13:55:38 clock_gettime(CLOCK_BOOTTIME, {28191, 937281987}) = 0
4214  13:55:38 clock_gettime(CLOCK_BOOTTIME, {28191, 937301516}) = 0
4214  13:55:38 select(8, [4 5], [4], NULL, NULL) = 1 (out [4])
4214  13:55:38 clock_gettime(CLOCK_BOOTTIME, {28191, 937350001}) = 0
4214  13:55:38 write(4, "\21\223\313\242\257\363\213\271X$\17\17\323\206\332\307 c\252&\20\207\3403)\251\336\302|\27Gm"..., 40) = 40
4214  13:55:38 clock_gettime(CLOCK_BOOTTIME, {28191, 937523148}) = 0
4214  13:55:38 clock_gettime(CLOCK_BOOTTIME, {28191, 937559680}) = 0
4214  13:55:38 select(8, [4 5], [], NULL, NULL) = 1 (in [4])
4214  13:55:38 clock_gettime(CLOCK_BOOTTIME, {28191, 939809819}) = 0
4214  13:55:38 read(4, "^\tF\366\322T\350^\233\201\266/\232 \17\271Iv\301r# \4\373\321\314_\372\255\312\f\332"..., 8192) = 200
4214  13:55:38 close(5)                 = 0
4214  13:55:38 clock_gettime(CLOCK_BOOTTIME, {28191, 940073067}) = 0
4214  13:55:38 clock_gettime(CLOCK_BOOTTIME, {28191, 940119059}) = 0
4214  13:55:38 select(8, [4], [6], NULL, NULL) = 1 (out [6])
4214  13:55:38 clock_gettime(CLOCK_BOOTTIME, {28191, 940259126}) = 0
4214  13:55:38 write(6, "\r\nlogout\r\n", 10) = 10
4214  13:55:38 clock_gettime(CLOCK_BOOTTIME, {28191, 941048532}) = 0
4214  13:55:38 clock_gettime(CLOCK_BOOTTIME, {28191, 941092750}) = 0
4214  13:55:38 close(6)                 = 0
4214  13:55:38 ioctl(0, TCGETS, {B38400 -opost -isig -icanon -echo ...}) = 0
4214  13:55:38 ioctl(0, SNDCTL_TMR_STOP or TCSETSW, {B38400 opost isig icanon echo ...}) = 0
4214  13:55:38 ioctl(0, TCGETS, {B38400 opost isig icanon echo ...}) = 0
4214  13:55:38 close(7)                 = 0
4214  13:55:38 select(8, [4], [4], NULL, NULL) = 1 (out [4])
4214  13:55:38 clock_gettime(CLOCK_BOOTTIME, {28191, 941350902}) = 0
4214  13:55:38 write(4, "\\\f\353\272Q%o\373\367\4-D=\246WG\360\231\326\366\3626I\"", 24) = 24
4214  13:55:38 rt_sigaction(SIGWINCH, NULL, {0x55beade34c00, [], SA_RESTORER, 0x7f77f6d184b0}, 8) = 0
4214  13:55:38 rt_sigaction(SIGWINCH, {SIG_DFL, [], SA_RESTORER, 0x7f77f6d184b0}, NULL, 8) = 0
4214  13:55:38 write(4, "\4\31\213jty\266$RH\344\362i\333<\370eK\254\360\340l\233@R<\204\274P\213hE"..., 56) = 56
4214  13:55:38 ioctl(0, TCGETS, {B38400 opost isig icanon echo ...}) = 0
4214  13:55:38 ioctl(1, TCGETS, {B38400 opost isig icanon echo ...}) = 0
4214  13:55:38 ioctl(2, TCGETS, {B38400 opost isig icanon echo ...}) = 0
4214  13:55:38 write(2, "Connection to 192.168.17.134 clo"..., 38) = 38
4214  13:55:38 shutdown(4, SHUT_RDWR)   = 0
4214  13:55:38 close(4)                 = 0
4214  13:55:38 exit_group(0)            = ?
4214  13:55:38 +++ exited with 0 +++
