4739  14:38:28 select(5, [4], NULL, NULL, NULL) = 1 (in [4])
4739  14:38:28 read(4, "\352\271\323\247\27m,\263\222F\352\213\25\253-B\1=Id\212\342O\261%C}5m\312w\331"..., 8192) = 40
4739  14:38:28 write(4, "\32x\226\307\326\177\10\275\t\323\370\25\36\203L5\36\nX\362[{\222\324\272}6\312\30X\fG"..., 56) = 56
4739  14:38:28 select(5, [4], NULL, NULL, NULL) = 1 (in [4])
4739  14:38:28 read(4, "pU\322S\3445\3~|\245\205\376\233\266q\253\342\314\341\236\230Y|\247\0355rxFMY_"..., 8192) = 72
4739  14:38:28 futex(0x7faaec7012b0, FUTEX_WAKE_PRIVATE, 2147483647) = 0
4739  14:38:28 futex(0x7faaec701150, FUTEX_WAKE_PRIVATE, 2147483647) = 0
4739  14:38:28 futex(0x7faaed6899f0, FUTEX_WAKE_PRIVATE, 2147483647) = 0
4739  14:38:28 lstat("/etc/gss/mech", 0x7fffa77c34e0) = -1 ENOENT (No such file or directory)
4739  14:38:28 open("/etc/gss/mech.d", O_RDONLY|O_NONBLOCK|O_DIRECTORY|O_CLOEXEC) = 5
4739  14:38:28 fstat(5, {st_mode=S_IFDIR|0755, st_size=4096, ...}) = 0
4739  14:38:28 getdents(5, /* 3 entries */, 32768) = 80
4739  14:38:28 getdents(5, /* 0 entries */, 32768) = 0
4739  14:38:28 close(5)                 = 0
4739  14:38:28 futex(0x7faaece057b0, FUTEX_WAKE_PRIVATE, 2147483647) = 0
4739  14:38:28 futex(0x7faaece06870, FUTEX_WAKE_PRIVATE, 2147483647) = 0
4739  14:38:28 stat("/etc/krb5.conf", 0x7fffa77bf110) = -1 ENOENT (No such file or directory)
4739  14:38:28 open("/dev/urandom", O_RDONLY) = 5
4739  14:38:28 fcntl(5, F_SETFD, FD_CLOEXEC) = 0
4739  14:38:28 fstat(5, {st_mode=S_IFCHR|0666, st_rdev=makedev(1, 9), ...}) = 0
4739  14:38:28 read(5, "\211x\361\265\34\216\327\247\221S\227\352Iw\245\351\17KY_\360\257'{\341;MK<\220\334\351"..., 64) = 64
4739  14:38:28 close(5)                 = 0
4739  14:38:28 open("/dev/urandom", O_RDONLY) = 5
4739  14:38:28 fcntl(5, F_SETFD, FD_CLOEXEC) = 0
4739  14:38:28 fstat(5, {st_mode=S_IFCHR|0666, st_rdev=makedev(1, 9), ...}) = 0
4739  14:38:28 read(5, "\";\203\333\213\32247x\252\275n\227|\352\244\177\265\312\247\334\260|A\265|p\365\343\207\256b"..., 64) = 64
4739  14:38:28 close(5)                 = 0
4739  14:38:28 futex(0x7faaecb33180, FUTEX_WAKE_PRIVATE, 2147483647) = 0
4739  14:38:28 socket(PF_LOCAL, SOCK_STREAM|SOCK_CLOEXEC|SOCK_NONBLOCK, 0) = 5
4739  14:38:28 connect(5, {sa_family=AF_LOCAL, sun_path="/var/run/nscd/socket"}, 110) = -1 ENOENT (No such file or directory)
4739  14:38:28 close(5)                 = 0
4739  14:38:28 socket(PF_LOCAL, SOCK_STREAM|SOCK_CLOEXEC|SOCK_NONBLOCK, 0) = 5
4739  14:38:28 connect(5, {sa_family=AF_LOCAL, sun_path="/var/run/nscd/socket"}, 110) = -1 ENOENT (No such file or directory)
4739  14:38:28 close(5)                 = 0
4739  14:38:28 open("/etc/resolv.conf", O_RDONLY|O_CLOEXEC) = 5
4739  14:38:28 fstat(5, {st_mode=S_IFREG|0644, st_size=191, ...}) = 0
4739  14:38:28 read(5, "# Dynamic resolv.conf(5) file fo"..., 4096) = 191
4739  14:38:28 read(5, "", 4096)        = 0
4739  14:38:28 close(5)                 = 0
4739  14:38:28 open("/etc/host.conf", O_RDONLY|O_CLOEXEC) = 5
4739  14:38:28 fstat(5, {st_mode=S_IFREG|0644, st_size=92, ...}) = 0
4739  14:38:28 read(5, "# The \"order\" line is only used "..., 4096) = 92
4739  14:38:28 read(5, "", 4096)        = 0
4739  14:38:28 close(5)                 = 0
4739  14:38:28 futex(0x7faaed43fa64, FUTEX_WAKE_PRIVATE, 2147483647) = 0
4739  14:38:28 open("/etc/hosts", O_RDONLY|O_CLOEXEC) = 5
4739  14:38:28 fstat(5, {st_mode=S_IFREG|0644, st_size=221, ...}) = 0
4739  14:38:28 read(5, "127.0.0.1\tlocalhost\n127.0.1.1\tub"..., 4096) = 221
4739  14:38:28 read(5, "", 4096)        = 0
4739  14:38:28 close(5)                 = 0
4739  14:38:28 open("/etc/ld.so.cache", O_RDONLY|O_CLOEXEC) = 5
4739  14:38:28 fstat(5, {st_mode=S_IFREG|0644, st_size=87219, ...}) = 0
4739  14:38:28 mmap(NULL, 87219, PROT_READ, MAP_PRIVATE, 5, 0) = 0x7faaee537000
4739  14:38:28 close(5)                 = 0
4739  14:38:28 access("/etc/ld.so.nohwcap", F_OK) = -1 ENOENT (No such file or directory)
4739  14:38:28 open("/lib/x86_64-linux-gnu/libnss_mdns4_minimal.so.2", O_RDONLY|O_CLOEXEC) = 5
4739  14:38:28 read(5, "\177ELF\2\1\1\0\0\0\0\0\0\0\0\0\3\0>\0\1\0\0\0\320\v\0\0\0\0\0\0"..., 832) = 832
4739  14:38:28 fstat(5, {st_mode=S_IFREG|0644, st_size=10480, ...}) = 0
4739  14:38:28 mmap(NULL, 2105544, PROT_READ|PROT_EXEC, MAP_PRIVATE|MAP_DENYWRITE, 5, 0) = 0x7faaeb693000
4739  14:38:28 mprotect(0x7faaeb695000, 2093056, PROT_NONE) = 0
4739  14:38:28 mmap(0x7faaeb894000, 8192, PROT_READ|PROT_WRITE, MAP_PRIVATE|MAP_FIXED|MAP_DENYWRITE, 5, 0x1000) = 0x7faaeb894000
4739  14:38:28 close(5)                 = 0
4739  14:38:28 mprotect(0x7faaeb894000, 4096, PROT_READ) = 0
4739  14:38:28 munmap(0x7faaee537000, 87219) = 0
4739  14:38:28 open("/etc/ld.so.cache", O_RDONLY|O_CLOEXEC) = 5
4739  14:38:28 fstat(5, {st_mode=S_IFREG|0644, st_size=87219, ...}) = 0
4739  14:38:28 mmap(NULL, 87219, PROT_READ, MAP_PRIVATE, 5, 0) = 0x7faaee537000
4739  14:38:28 close(5)                 = 0
4739  14:38:28 access("/etc/ld.so.nohwcap", F_OK) = -1 ENOENT (No such file or directory)
4739  14:38:28 open("/lib/x86_64-linux-gnu/libnss_dns.so.2", O_RDONLY|O_CLOEXEC) = 5
4739  14:38:28 read(5, "\177ELF\2\1\1\0\0\0\0\0\0\0\0\0\3\0>\0\1\0\0\0\220\17\0\0\0\0\0\0"..., 832) = 832
4739  14:38:28 fstat(5, {st_mode=S_IFREG|0644, st_size=27000, ...}) = 0
4739  14:38:28 mmap(NULL, 2121944, PROT_READ|PROT_EXEC, MAP_PRIVATE|MAP_DENYWRITE, 5, 0) = 0x7faaeb48c000
4739  14:38:28 mprotect(0x7faaeb491000, 2097152, PROT_NONE) = 0
4739  14:38:28 mmap(0x7faaeb691000, 8192, PROT_READ|PROT_WRITE, MAP_PRIVATE|MAP_FIXED|MAP_DENYWRITE, 5, 0x5000) = 0x7faaeb691000
4739  14:38:28 close(5)                 = 0
4739  14:38:28 mprotect(0x7faaeb691000, 4096, PROT_READ) = 0
4739  14:38:28 munmap(0x7faaee537000, 87219) = 0
4739  14:38:28 stat("/etc/resolv.conf", {st_mode=S_IFREG|0644, st_size=191, ...}) = 0
4739  14:38:28 open("/etc/resolv.conf", O_RDONLY|O_CLOEXEC) = 5
4739  14:38:28 fstat(5, {st_mode=S_IFREG|0644, st_size=191, ...}) = 0
4739  14:38:28 read(5, "# Dynamic resolv.conf(5) file fo"..., 4096) = 191
4739  14:38:28 read(5, "", 4096)        = 0
4739  14:38:28 close(5)                 = 0
4739  14:38:28 socket(PF_INET, SOCK_DGRAM|SOCK_NONBLOCK, IPPROTO_IP) = 5
4739  14:38:28 connect(5, {sa_family=AF_INET, sin_port=htons(53), sin_addr=inet_addr("127.0.1.1")}, 16) = 0
4739  14:38:28 poll([{fd=5, events=POLLOUT}], 1, 0) = 1 ([{fd=5, revents=POLLOUT}])
4739  14:38:28 sendto(5, ".\205\1\0\0\1\0\0\0\0\0\0\003134\00217\003168\003192\7in-a"..., 45, MSG_NOSIGNAL, NULL, 0) = 45
4739  14:38:28 poll([{fd=5, events=POLLIN}], 1, 5000) = 1 ([{fd=5, revents=POLLIN}])
4739  14:38:28 ioctl(5, FIONREAD, [101]) = 0
4739  14:38:28 recvfrom(5, ".\205\201\203\0\1\0\0\0\1\0\0\003134\00217\003168\003192\7in-a"..., 1024, 0, {sa_family=AF_INET, sin_port=htons(53), sin_addr=inet_addr("127.0.1.1")}, [16]) = 101
4739  14:38:28 close(5)                 = 0
4739  14:38:28 stat("/etc/krb5.conf", 0x7fffa77c0ef0) = -1 ENOENT (No such file or directory)
4739  14:38:28 open("/dev/urandom", O_RDONLY) = 5
4739  14:38:28 fcntl(5, F_SETFD, FD_CLOEXEC) = 0
4739  14:38:28 fstat(5, {st_mode=S_IFCHR|0666, st_rdev=makedev(1, 9), ...}) = 0
4739  14:38:28 read(5, "@\307\342\342|\\vu\23\22\244j9f\321\333ncQ\242|A\360\213\340\356EU\204\t%m"..., 64) = 64
4739  14:38:28 close(5)                 = 0
4739  14:38:28 stat("/etc/krb5.conf", 0x7fffa77c0e40) = -1 ENOENT (No such file or directory)
4739  14:38:28 open("/dev/urandom", O_RDONLY) = 5
4739  14:38:28 fcntl(5, F_SETFD, FD_CLOEXEC) = 0
4739  14:38:28 fstat(5, {st_mode=S_IFCHR|0666, st_rdev=makedev(1, 9), ...}) = 0
4739  14:38:28 read(5, "S-b9K\230h\245Z\306\345\341\332G\230\215(\360>\10\357F)\232N.y7\375\303\275."..., 64) = 64
4739  14:38:28 close(5)                 = 0
4739  14:38:28 geteuid()                = 1001
4739  14:38:28 open("/etc/krb5/user/1001/client.keytab", O_RDONLY) = -1 ENOENT (No such file or directory)
4739  14:38:28 getuid()                 = 1001
4739  14:38:28 stat("/tmp/krb5cc_1001", 0x7fffa77c2e70) = -1 ENOENT (No such file or directory)
4739  14:38:28 stat("/etc/krb5.conf", 0x7fffa77c1250) = -1 ENOENT (No such file or directory)
4739  14:38:28 open("/dev/urandom", O_RDONLY) = 5
4739  14:38:28 fcntl(5, F_SETFD, FD_CLOEXEC) = 0
4739  14:38:28 fstat(5, {st_mode=S_IFCHR|0666, st_rdev=makedev(1, 9), ...}) = 0
4739  14:38:28 read(5, "\30\235\r\337n\334\321\njj\321_$\254\336i\256\214#\357\277\26\215\245\222\334\246c\272\350\250\317"..., 64) = 64
4739  14:38:28 close(5)                 = 0
4739  14:38:28 stat("/etc/krb5.conf", 0x7fffa77bf110) = -1 ENOENT (No such file or directory)
4739  14:38:28 open("/dev/urandom", O_RDONLY) = 5
4739  14:38:28 fcntl(5, F_SETFD, FD_CLOEXEC) = 0
4739  14:38:28 fstat(5, {st_mode=S_IFCHR|0666, st_rdev=makedev(1, 9), ...}) = 0
4739  14:38:28 read(5, "%e\22f2\200\325\237\210l\260|*\232E0\31<T\277b\1g\355\0\200Q\321\0363\201m"..., 64) = 64
4739  14:38:28 close(5)                 = 0
4739  14:38:28 open("/etc/hosts", O_RDONLY|O_CLOEXEC) = 5
4739  14:38:28 fstat(5, {st_mode=S_IFREG|0644, st_size=221, ...}) = 0
4739  14:38:28 read(5, "127.0.0.1\tlocalhost\n127.0.1.1\tub"..., 4096) = 221
4739  14:38:28 read(5, "", 4096)        = 0
4739  14:38:28 close(5)                 = 0
4739  14:38:28 stat("/etc/resolv.conf", {st_mode=S_IFREG|0644, st_size=191, ...}) = 0
4739  14:38:28 socket(PF_INET, SOCK_DGRAM|SOCK_NONBLOCK, IPPROTO_IP) = 5
4739  14:38:28 connect(5, {sa_family=AF_INET, sin_port=htons(53), sin_addr=inet_addr("127.0.1.1")}, 16) = 0
4739  14:38:28 poll([{fd=5, events=POLLOUT}], 1, 0) = 1 ([{fd=5, revents=POLLOUT}])
4739  14:38:28 sendto(5, "\330C\1\0\0\1\0\0\0\0\0\0\003134\00217\003168\003192\7in-a"..., 45, MSG_NOSIGNAL, NULL, 0) = 45
4739  14:38:28 poll([{fd=5, events=POLLIN}], 1, 5000) = 1 ([{fd=5, revents=POLLIN}])
4739  14:38:28 ioctl(5, FIONREAD, [101]) = 0
4739  14:38:28 recvfrom(5, "\330C\201\203\0\1\0\0\0\1\0\0\003134\00217\003168\003192\7in-a"..., 1024, 0, {sa_family=AF_INET, sin_port=htons(53), sin_addr=inet_addr("127.0.1.1")}, [16]) = 101
4739  14:38:28 close(5)                 = 0
4739  14:38:28 stat("/etc/krb5.conf", 0x7fffa77c0ef0) = -1 ENOENT (No such file or directory)
4739  14:38:28 open("/dev/urandom", O_RDONLY) = 5
4739  14:38:28 fcntl(5, F_SETFD, FD_CLOEXEC) = 0
4739  14:38:28 fstat(5, {st_mode=S_IFCHR|0666, st_rdev=makedev(1, 9), ...}) = 0
4739  14:38:28 read(5, "\300\253\0037\21k6-\tB\267\3562\214\311x\3\2dh\237l\363G\20v\316\23\346yDB"..., 64) = 64
4739  14:38:28 close(5)                 = 0
4739  14:38:28 stat("/etc/krb5.conf", 0x7fffa77c0e40) = -1 ENOENT (No such file or directory)
4739  14:38:28 open("/dev/urandom", O_RDONLY) = 5
4739  14:38:28 fcntl(5, F_SETFD, FD_CLOEXEC) = 0
4739  14:38:28 fstat(5, {st_mode=S_IFCHR|0666, st_rdev=makedev(1, 9), ...}) = 0
4739  14:38:28 read(5, "\330\30G\321% \246\253\376fW\362\232Y\351s\207K\212?\321\344\7\316M\346{,r~Q\202"..., 64) = 64
4739  14:38:28 close(5)                 = 0
4739  14:38:28 geteuid()                = 1001
4739  14:38:28 open("/etc/krb5/user/1001/client.keytab", O_RDONLY) = -1 ENOENT (No such file or directory)
4739  14:38:28 getuid()                 = 1001
4739  14:38:28 stat("/tmp/krb5cc_1001", 0x7fffa77c2e70) = -1 ENOENT (No such file or directory)
4739  14:38:28 stat("/etc/krb5.conf", 0x7fffa77c1250) = -1 ENOENT (No such file or directory)
4739  14:38:28 open("/dev/urandom", O_RDONLY) = 5
4739  14:38:28 fcntl(5, F_SETFD, FD_CLOEXEC) = 0
4739  14:38:28 fstat(5, {st_mode=S_IFCHR|0666, st_rdev=makedev(1, 9), ...}) = 0
4739  14:38:28 read(5, "\212\361x\301\f]/\376\372\222\3327\351\355Wx\n\2\276KY\247T\335l\23W\316\263E\37\323"..., 64) = 64
4739  14:38:28 close(5)                 = 0
4739  14:38:28 stat("/etc/krb5.conf", 0x7fffa77bf110) = -1 ENOENT (No such file or directory)
4739  14:38:28 open("/dev/urandom", O_RDONLY) = 5
4739  14:38:28 fcntl(5, F_SETFD, FD_CLOEXEC) = 0
4739  14:38:28 fstat(5, {st_mode=S_IFCHR|0666, st_rdev=makedev(1, 9), ...}) = 0
4739  14:38:28 read(5, "5t\250x1\264\322w\274\322\275\203\204\31^\244\261;\357\\\330\tp3\360\354^\362\212\316J#"..., 64) = 64
4739  14:38:28 close(5)                 = 0
4739  14:38:28 open("/etc/hosts", O_RDONLY|O_CLOEXEC) = 5
4739  14:38:28 fstat(5, {st_mode=S_IFREG|0644, st_size=221, ...}) = 0
4739  14:38:28 read(5, "127.0.0.1\tlocalhost\n127.0.1.1\tub"..., 4096) = 221
4739  14:38:28 read(5, "", 4096)        = 0
4739  14:38:28 close(5)                 = 0
4739  14:38:28 stat("/etc/resolv.conf", {st_mode=S_IFREG|0644, st_size=191, ...}) = 0
4739  14:38:28 socket(PF_INET, SOCK_DGRAM|SOCK_NONBLOCK, IPPROTO_IP) = 5
4739  14:38:28 connect(5, {sa_family=AF_INET, sin_port=htons(53), sin_addr=inet_addr("127.0.1.1")}, 16) = 0
4739  14:38:28 poll([{fd=5, events=POLLOUT}], 1, 0) = 1 ([{fd=5, revents=POLLOUT}])
4739  14:38:28 sendto(5, "\307i\1\0\0\1\0\0\0\0\0\0\003134\00217\003168\003192\7in-a"..., 45, MSG_NOSIGNAL, NULL, 0) = 45
4739  14:38:28 poll([{fd=5, events=POLLIN}], 1, 5000) = 1 ([{fd=5, revents=POLLIN}])
4739  14:38:28 ioctl(5, FIONREAD, [101]) = 0
4739  14:38:28 recvfrom(5, "\307i\201\203\0\1\0\0\0\1\0\0\003134\00217\003168\003192\7in-a"..., 1024, 0, {sa_family=AF_INET, sin_port=htons(53), sin_addr=inet_addr("127.0.1.1")}, [16]) = 101
4739  14:38:28 close(5)                 = 0
4739  14:38:28 stat("/etc/krb5.conf", 0x7fffa77c0ef0) = -1 ENOENT (No such file or directory)
4739  14:38:28 open("/dev/urandom", O_RDONLY) = 5
4739  14:38:28 fcntl(5, F_SETFD, FD_CLOEXEC) = 0
4739  14:38:28 fstat(5, {st_mode=S_IFCHR|0666, st_rdev=makedev(1, 9), ...}) = 0
4739  14:38:28 read(5, "!\3152\221\21\231\253\245g{\363\\\374K4\r\"e\222\37\274\215\315\27\240r\206\256\0\341:\324"..., 64) = 64
4739  14:38:28 close(5)                 = 0
4739  14:38:28 stat("/etc/krb5.conf", 0x7fffa77c0e40) = -1 ENOENT (No such file or directory)
4739  14:38:28 open("/dev/urandom", O_RDONLY) = 5
4739  14:38:28 fcntl(5, F_SETFD, FD_CLOEXEC) = 0
4739  14:38:28 fstat(5, {st_mode=S_IFCHR|0666, st_rdev=makedev(1, 9), ...}) = 0
4739  14:38:28 read(5, "\264P?\36\234\234\346\231{6 0{7\200V\3623`\377\261\0\354\337\243W\203 \225q\336+"..., 64) = 64
4739  14:38:28 close(5)                 = 0
4739  14:38:28 geteuid()                = 1001
4739  14:38:28 open("/etc/krb5/user/1001/client.keytab", O_RDONLY) = -1 ENOENT (No such file or directory)
4739  14:38:28 getuid()                 = 1001
4739  14:38:28 stat("/tmp/krb5cc_1001", 0x7fffa77c2e70) = -1 ENOENT (No such file or directory)
4739  14:38:28 stat("/etc/krb5.conf", 0x7fffa77c1250) = -1 ENOENT (No such file or directory)
4739  14:38:28 open("/dev/urandom", O_RDONLY) = 5
4739  14:38:28 fcntl(5, F_SETFD, FD_CLOEXEC) = 0
4739  14:38:28 fstat(5, {st_mode=S_IFCHR|0666, st_rdev=makedev(1, 9), ...}) = 0
4739  14:38:28 read(5, "\n_\375\256\357\7\324\343[\20\303a74_\321,\34\330\371o\344\2721\33U\377+N\2342\5"..., 64) = 64
4739  14:38:28 close(5)                 = 0
4739  14:38:28 stat("/etc/krb5.conf", 0x7fffa77bf110) = -1 ENOENT (No such file or directory)
4739  14:38:28 open("/dev/urandom", O_RDONLY) = 5
4739  14:38:28 fcntl(5, F_SETFD, FD_CLOEXEC) = 0
4739  14:38:28 fstat(5, {st_mode=S_IFCHR|0666, st_rdev=makedev(1, 9), ...}) = 0
4739  14:38:28 read(5, "\34\305\367\21*\r=y\315\301Mg\314V\230am\254'\5\332\24\234`q\16\315\312e\221Wf"..., 64) = 64
4739  14:38:28 close(5)                 = 0
4739  14:38:28 open("/etc/hosts", O_RDONLY|O_CLOEXEC) = 5
4739  14:38:28 fstat(5, {st_mode=S_IFREG|0644, st_size=221, ...}) = 0
4739  14:38:28 read(5, "127.0.0.1\tlocalhost\n127.0.1.1\tub"..., 4096) = 221
4739  14:38:28 read(5, "", 4096)        = 0
4739  14:38:28 close(5)                 = 0
4739  14:38:28 stat("/etc/resolv.conf", {st_mode=S_IFREG|0644, st_size=191, ...}) = 0
4739  14:38:28 socket(PF_INET, SOCK_DGRAM|SOCK_NONBLOCK, IPPROTO_IP) = 5
4739  14:38:28 connect(5, {sa_family=AF_INET, sin_port=htons(53), sin_addr=inet_addr("127.0.1.1")}, 16) = 0
4739  14:38:28 poll([{fd=5, events=POLLOUT}], 1, 0) = 1 ([{fd=5, revents=POLLOUT}])
4739  14:38:28 sendto(5, "\363\265\1\0\0\1\0\0\0\0\0\0\003134\00217\003168\003192\7in-a"..., 45, MSG_NOSIGNAL, NULL, 0) = 45
4739  14:38:28 poll([{fd=5, events=POLLIN}], 1, 5000) = 1 ([{fd=5, revents=POLLIN}])
4739  14:38:28 ioctl(5, FIONREAD, [101]) = 0
4739  14:38:28 recvfrom(5, "\363\265\201\203\0\1\0\0\0\1\0\0\003134\00217\003168\003192\7in-a"..., 1024, 0, {sa_family=AF_INET, sin_port=htons(53), sin_addr=inet_addr("127.0.1.1")}, [16]) = 101
4739  14:38:28 close(5)                 = 0
4739  14:38:28 stat("/etc/krb5.conf", 0x7fffa77c10c0) = -1 ENOENT (No such file or directory)
4739  14:38:28 open("/dev/urandom", O_RDONLY) = 5
4739  14:38:28 fcntl(5, F_SETFD, FD_CLOEXEC) = 0
4739  14:38:28 fstat(5, {st_mode=S_IFCHR|0666, st_rdev=makedev(1, 9), ...}) = 0
4739  14:38:28 read(5, "KG\312\35\37/-\324\350\306\203\335Q\266\30I\n\5\17R$[\327=8\354A\332\215\222\262\315"..., 64) = 64
4739  14:38:28 close(5)                 = 0
4739  14:38:28 stat("/etc/krb5.conf", 0x7fffa77c1050) = -1 ENOENT (No such file or directory)
4739  14:38:28 open("/dev/urandom", O_RDONLY) = 5
4739  14:38:28 fcntl(5, F_SETFD, FD_CLOEXEC) = 0
4739  14:38:28 fstat(5, {st_mode=S_IFCHR|0666, st_rdev=makedev(1, 9), ...}) = 0
4739  14:38:28 read(5, "\370\367?LJ\25\20&*\224\234\251B\4\210A0=Q\321~\223\274xz\10B\304\364\257!\5"..., 64) = 64
4739  14:38:28 close(5)                 = 0
4739  14:38:28 geteuid()                = 1001
4739  14:38:28 open("/etc/krb5/user/1001/client.keytab", O_RDONLY) = -1 ENOENT (No such file or directory)
4739  14:38:28 getuid()                 = 1001
4739  14:38:28 stat("/tmp/krb5cc_1001", 0x7fffa77c3080) = -1 ENOENT (No such file or directory)
4739  14:38:28 stat("/etc/krb5.conf", 0x7fffa77c1060) = -1 ENOENT (No such file or directory)
4739  14:38:28 open("/dev/urandom", O_RDONLY) = 5
4739  14:38:28 fcntl(5, F_SETFD, FD_CLOEXEC) = 0
4739  14:38:28 fstat(5, {st_mode=S_IFCHR|0666, st_rdev=makedev(1, 9), ...}) = 0
4739  14:38:28 read(5, "\341\263]\35\304\261\346\221\1\241\202\361k'\265t\273^\355 R\313?N\345W\\\22\20\253\277s"..., 64) = 64
4739  14:38:28 close(5)                 = 0
4739  14:38:28 stat("/etc/krb5.conf", 0x7fffa77c1250) = -1 ENOENT (No such file or directory)
4739  14:38:28 open("/dev/urandom", O_RDONLY) = 5
4739  14:38:28 fcntl(5, F_SETFD, FD_CLOEXEC) = 0
4739  14:38:28 fstat(5, {st_mode=S_IFCHR|0666, st_rdev=makedev(1, 9), ...}) = 0
4739  14:38:28 read(5, "G\362\352\\\0335\255I\3\217\200\277\247\245\f\375\265)N\213f\2423h;[\177\236|\373H\355"..., 64) = 64
4739  14:38:28 close(5)                 = 0
4739  14:38:28 stat("/home/crazy_audit/.ssh/id_rsa", 0x7fffa77c3560) = -1 ENOENT (No such file or directory)
4739  14:38:28 stat("/home/crazy_audit/.ssh/id_dsa", 0x7fffa77c3560) = -1 ENOENT (No such file or directory)
4739  14:38:28 stat("/home/crazy_audit/.ssh/id_ecdsa", 0x7fffa77c3560) = -1 ENOENT (No such file or directory)
4739  14:38:28 stat("/home/crazy_audit/.ssh/id_ed25519", 0x7fffa77c3560) = -1 ENOENT (No such file or directory)
4739  14:38:28 open("/dev/tty", O_RDWR) = 5
4739  14:38:28 close(5)                 = 0
4739  14:38:28 open("/dev/tty", O_RDWR) = 5
4739  14:38:28 rt_sigaction(SIGALRM, {0x560e9c7f4260, [], SA_RESTORER, 0x7faaed0ac4b0}, {SIG_DFL, [], 0}, 8) = 0
4739  14:38:28 rt_sigaction(SIGHUP, {0x560e9c7f4260, [], SA_RESTORER, 0x7faaed0ac4b0}, {SIG_DFL, [], 0}, 8) = 0
4739  14:38:28 rt_sigaction(SIGINT, {0x560e9c7f4260, [], SA_RESTORER, 0x7faaed0ac4b0}, {SIG_DFL, [], 0}, 8) = 0
4739  14:38:28 rt_sigaction(SIGPIPE, {0x560e9c7f4260, [], SA_RESTORER, 0x7faaed0ac4b0}, {SIG_IGN, [], SA_RESTORER, 0x7faaed0ac4b0}, 8) = 0
4739  14:38:28 rt_sigaction(SIGQUIT, {0x560e9c7f4260, [], SA_RESTORER, 0x7faaed0ac4b0}, {SIG_DFL, [], 0}, 8) = 0
4739  14:38:28 rt_sigaction(SIGTERM, {0x560e9c7f4260, [], SA_RESTORER, 0x7faaed0ac4b0}, {SIG_DFL, [], 0}, 8) = 0
4739  14:38:28 rt_sigaction(SIGTSTP, {0x560e9c7f4260, [], SA_RESTORER, 0x7faaed0ac4b0}, {SIG_DFL, [], 0}, 8) = 0
4739  14:38:28 rt_sigaction(SIGTTIN, {0x560e9c7f4260, [], SA_RESTORER, 0x7faaed0ac4b0}, {SIG_DFL, [], 0}, 8) = 0
4739  14:38:28 rt_sigaction(SIGTTOU, {0x560e9c7f4260, [], SA_RESTORER, 0x7faaed0ac4b0}, {SIG_DFL, [], 0}, 8) = 0
4739  14:38:28 ioctl(5, TCGETS, {B38400 opost isig icanon echo ...}) = 0
4739  14:38:28 ioctl(5, TCGETS, {B38400 opost isig icanon echo ...}) = 0
4739  14:38:28 ioctl(5, SNDCTL_TMR_CONTINUE or TCSETSF, {B38400 opost isig icanon -echo ...}) = 0
4739  14:38:28 ioctl(5, TCGETS, {B38400 opost isig icanon -echo ...}) = 0
4739  14:38:28 write(5, "root@192.168.17.134's password: ", 32) = 32
4739  14:38:28 read(5, "r", 1)          = 1
4739  14:38:28 read(5, "e", 1)          = 1
4739  14:38:28 read(5, "d", 1)          = 1
4739  14:38:28 read(5, "h", 1)          = 1
4739  14:38:28 read(5, "a", 1)          = 1
4739  14:38:28 read(5, "t", 1)          = 1
4739  14:38:28 read(5, "\n", 1)         = 1
4739  14:38:28 write(5, "\n", 1)        = 1
4739  14:38:28 ioctl(5, TCGETS, {B38400 opost isig icanon -echo ...}) = 0
4739  14:38:28 ioctl(5, SNDCTL_TMR_CONTINUE or TCSETSF, {B38400 opost isig icanon echo ...}) = 0
4739  14:38:28 ioctl(5, TCGETS, {B38400 opost isig icanon echo ...}) = 0
4739  14:38:28 rt_sigaction(SIGALRM, {SIG_DFL, [], SA_RESTORER, 0x7faaed0ac4b0}, NULL, 8) = 0
4739  14:38:28 rt_sigaction(SIGHUP, {SIG_DFL, [], SA_RESTORER, 0x7faaed0ac4b0}, NULL, 8) = 0
4739  14:38:28 rt_sigaction(SIGINT, {SIG_DFL, [], SA_RESTORER, 0x7faaed0ac4b0}, NULL, 8) = 0
4739  14:38:28 rt_sigaction(SIGQUIT, {SIG_DFL, [], SA_RESTORER, 0x7faaed0ac4b0}, NULL, 8) = 0
4739  14:38:28 rt_sigaction(SIGPIPE, {SIG_IGN, [], SA_RESTORER, 0x7faaed0ac4b0}, NULL, 8) = 0
4739  14:38:28 rt_sigaction(SIGTERM, {SIG_DFL, [], SA_RESTORER, 0x7faaed0ac4b0}, NULL, 8) = 0
4739  14:38:28 rt_sigaction(SIGTSTP, {SIG_DFL, [], SA_RESTORER, 0x7faaed0ac4b0}, NULL, 8) = 0
4739  14:38:28 rt_sigaction(SIGTTIN, {SIG_DFL, [], SA_RESTORER, 0x7faaed0ac4b0}, NULL, 8) = 0
4739  14:38:28 rt_sigaction(SIGTTOU, {SIG_DFL, [], SA_RESTORER, 0x7faaed0ac4b0}, NULL, 8) = 0
4739  14:38:28 close(5)                 = 0
4739  14:38:28 write(4, "I\265\205\253\373\242\241\361V=#9\271\314HE\6\260\246\346\v\264\204&\360\35S3!\335\274\\"..., 136) = 136
4739  14:38:28 select(5, [4], NULL, NULL, NULL) = 1 (in [4])
4739  14:38:28 read(4, " &\276\243~\274t?\200\265\227z`s\307;\234-\vm'\277\7\22", 8192) = 24
4739  14:38:28 getpeername(4, {sa_family=AF_INET, sin_port=htons(22), sin_addr=inet_addr("192.168.17.134")}, [16]) = 0
4739  14:38:28 getpeername(4, {sa_family=AF_INET, sin_port=htons(22), sin_addr=inet_addr("192.168.17.134")}, [16]) = 0
4739  14:38:28 dup(0)                   = 5
4739  14:38:28 dup(1)                   = 6
4739  14:38:28 dup(2)                   = 7
4739  14:38:28 ioctl(5, TCGETS, {B38400 opost isig icanon echo ...}) = 0
4739  14:38:28 ioctl(6, TCGETS, {B38400 opost isig icanon echo ...}) = 0
4739  14:38:28 ioctl(7, TCGETS, {B38400 opost isig icanon echo ...}) = 0
4739  14:38:28 fcntl(5, F_SETFD, FD_CLOEXEC) = 0
4739  14:38:28 fcntl(6, F_SETFD, FD_CLOEXEC) = 0
4739  14:38:28 fcntl(7, F_SETFD, FD_CLOEXEC) = 0
4739  14:38:28 rt_sigaction(SIGHUP, NULL, {SIG_DFL, [], SA_RESTORER, 0x7faaed0ac4b0}, 8) = 0
4739  14:38:28 rt_sigaction(SIGHUP, {SIG_IGN, [], SA_RESTORER, 0x7faaed0ac4b0}, NULL, 8) = 0
4739  14:38:28 rt_sigaction(SIGHUP, NULL, {SIG_IGN, [], SA_RESTORER, 0x7faaed0ac4b0}, 8) = 0
4739  14:38:28 rt_sigaction(SIGHUP, {0x560e9c79e990, [], SA_RESTORER, 0x7faaed0ac4b0}, NULL, 8) = 0
4739  14:38:28 rt_sigaction(SIGINT, NULL, {SIG_DFL, [], SA_RESTORER, 0x7faaed0ac4b0}, 8) = 0
4739  14:38:28 rt_sigaction(SIGINT, {SIG_IGN, [], SA_RESTORER, 0x7faaed0ac4b0}, NULL, 8) = 0
4739  14:38:28 rt_sigaction(SIGINT, NULL, {SIG_IGN, [], SA_RESTORER, 0x7faaed0ac4b0}, 8) = 0
4739  14:38:28 rt_sigaction(SIGINT, {0x560e9c79e990, [], SA_RESTORER, 0x7faaed0ac4b0}, NULL, 8) = 0
4739  14:38:28 rt_sigaction(SIGQUIT, NULL, {SIG_DFL, [], SA_RESTORER, 0x7faaed0ac4b0}, 8) = 0
4739  14:38:28 rt_sigaction(SIGQUIT, {SIG_IGN, [], SA_RESTORER, 0x7faaed0ac4b0}, NULL, 8) = 0
4739  14:38:28 rt_sigaction(SIGQUIT, NULL, {SIG_IGN, [], SA_RESTORER, 0x7faaed0ac4b0}, 8) = 0
4739  14:38:28 rt_sigaction(SIGQUIT, {0x560e9c79e990, [], SA_RESTORER, 0x7faaed0ac4b0}, NULL, 8) = 0
4739  14:38:28 rt_sigaction(SIGTERM, NULL, {SIG_DFL, [], SA_RESTORER, 0x7faaed0ac4b0}, 8) = 0
4739  14:38:28 rt_sigaction(SIGTERM, {SIG_IGN, [], SA_RESTORER, 0x7faaed0ac4b0}, NULL, 8) = 0
4739  14:38:28 rt_sigaction(SIGTERM, NULL, {SIG_IGN, [], SA_RESTORER, 0x7faaed0ac4b0}, 8) = 0
4739  14:38:28 rt_sigaction(SIGTERM, {0x560e9c79e990, [], SA_RESTORER, 0x7faaed0ac4b0}, NULL, 8) = 0
4739  14:38:28 rt_sigaction(SIGWINCH, NULL, {SIG_DFL, [], 0}, 8) = 0
4739  14:38:28 rt_sigaction(SIGWINCH, {0x560e9c79ec00, [], SA_RESTORER, 0x7faaed0ac4b0}, NULL, 8) = 0
4739  14:38:28 ioctl(0, TCGETS, {B38400 opost isig icanon echo ...}) = 0
4739  14:38:28 ioctl(0, TCGETS, {B38400 opost isig icanon echo ...}) = 0
4739  14:38:28 ioctl(0, SNDCTL_TMR_STOP or TCSETSW, {B38400 -opost -isig -icanon -echo ...}) = 0
4739  14:38:28 ioctl(0, TCGETS, {B38400 -opost -isig -icanon -echo ...}) = 0
4739  14:38:28 clock_gettime(CLOCK_BOOTTIME, {30761, 789833604}) = 0
4739  14:38:28 clock_gettime(CLOCK_BOOTTIME, {30761, 789869161}) = 0
4739  14:38:28 select(8, [4], [4], NULL, NULL) = 1 (out [4])
4739  14:38:28 clock_gettime(CLOCK_BOOTTIME, {30761, 789956280}) = 0
4739  14:38:28 write(4, "<=u:})\5\260\314JP\246\23!.j\t\201\353\374\256\375<\331\10O/\301P\227QC"..., 112) = 112
4739  14:38:28 clock_gettime(CLOCK_BOOTTIME, {30761, 790158440}) = 0
4739  14:38:28 clock_gettime(CLOCK_BOOTTIME, {30761, 790196617}) = 0
4739  14:38:28 select(8, [4], [], NULL, NULL) = 1 (in [4])
4739  14:38:28 clock_gettime(CLOCK_BOOTTIME, {30761, 791497999}) = 0
4739  14:38:28 read(4, "7 \330pE\37\336\17qr\16[|\304\216B\246\311+D\25pQ\250\355\252\16\241\312\323V\201"..., 8192) = 40
4739  14:38:28 getsockopt(4, SOL_TCP, TCP_NODELAY, [0], [4]) = 0
4739  14:38:28 setsockopt(4, SOL_TCP, TCP_NODELAY, [1], 4) = 0
4739  14:38:28 getsockname(4, {sa_family=AF_INET, sin_port=htons(46586), sin_addr=inet_addr("192.168.17.133")}, [16]) = 0
4739  14:38:28 setsockopt(4, SOL_IP, IP_TOS, [16], 4) = 0
4739  14:38:28 ioctl(0, TIOCGWINSZ, {ws_row=41, ws_col=224, ws_xpixel=0, ws_ypixel=0}) = 0
4739  14:38:28 clock_gettime(CLOCK_BOOTTIME, {30761, 791761686}) = 0
4739  14:38:28 clock_gettime(CLOCK_BOOTTIME, {30761, 791780614}) = 0
4739  14:38:28 select(8, [4], [4], NULL, NULL) = 1 (out [4])
4739  14:38:28 clock_gettime(CLOCK_BOOTTIME, {30761, 791835107}) = 0
4739  14:38:28 write(4, "\234\vq}Z\274\n\342[#?\330\320\370@\3730\224\224*\3322o\205\203\326\305\217\314$]\315"..., 424) = 424
4739  14:38:28 clock_gettime(CLOCK_BOOTTIME, {30761, 791986054}) = 0
4739  14:38:28 clock_gettime(CLOCK_BOOTTIME, {30761, 792020502}) = 0
4739  14:38:28 select(8, [4], [], NULL, NULL) = 1 (in [4])
4739  14:38:28 clock_gettime(CLOCK_BOOTTIME, {30761, 793032825}) = 0
4739  14:38:28 read(4, "0(\234\363@\f#\352$\302\305\313\267\213\315r\10V\\S\362q$\201a\23.\265\214\320\313\25"..., 8192) = 88
4739  14:38:28 clock_gettime(CLOCK_BOOTTIME, {30761, 793114457}) = 0
4739  14:38:28 clock_gettime(CLOCK_BOOTTIME, {30761, 793135090}) = 0
4739  14:38:28 select(8, [4 5], [], NULL, NULL) = 1 (in [4])
4739  14:38:28 clock_gettime(CLOCK_BOOTTIME, {30761, 794901873}) = 0
4739  14:38:28 read(4, "\351\257w\362~\240U\0279/\301k\324\233\7D\3162%\300TO\30\3166\361F\314\34\371+Q"..., 8192) = 88
4739  14:38:28 clock_gettime(CLOCK_BOOTTIME, {30761, 795046580}) = 0
4739  14:38:28 clock_gettime(CLOCK_BOOTTIME, {30761, 795076250}) = 0
4739  14:38:28 select(8, [4 5], [6], NULL, NULL) = 1 (out [6])
4739  14:38:28 clock_gettime(CLOCK_BOOTTIME, {30761, 795126149}) = 0
4739  14:38:28 write(6, "Last login: Wed Aug 23 06:55:30 "..., 59) = 59
4739  14:38:28 clock_gettime(CLOCK_BOOTTIME, {30761, 795208231}) = 0
4739  14:38:28 clock_gettime(CLOCK_BOOTTIME, {30761, 795238111}) = 0
4739  14:38:28 select(8, [4 5], [], NULL, NULL) = 1 (in [4])
4739  14:38:28 clock_gettime(CLOCK_BOOTTIME, {30761, 822051596}) = 0
4739  14:38:28 read(4, "_\261L+$\351\345\322\27\353E\332+_\240\244G\236#\244Z\317L\244c\216\27\334\373\211\331G"..., 8192) = 88
4739  14:38:28 clock_gettime(CLOCK_BOOTTIME, {30761, 822123445}) = 0
4739  14:38:28 clock_gettime(CLOCK_BOOTTIME, {30761, 822142632}) = 0
4739  14:38:28 select(8, [4 5], [6], NULL, NULL) = 1 (out [6])
4739  14:38:28 clock_gettime(CLOCK_BOOTTIME, {30761, 822190275}) = 0
4739  14:38:28 write(6, "\33]0;root@localhost:~\7\33[?1034h[ro"..., 49) = 49
4739  14:38:28 clock_gettime(CLOCK_BOOTTIME, {30761, 822266273}) = 0
4739  14:38:28 clock_gettime(CLOCK_BOOTTIME, {30761, 822286248}) = 0
4739  14:38:28 select(8, [4 5], [], NULL, NULL) = 1 (in [5])
4739  14:38:32 clock_gettime(CLOCK_BOOTTIME, {30765, 972756556}) = 0
4739  14:38:32 read(5, "l", 16384)      = 1
4739  14:38:32 clock_gettime(CLOCK_BOOTTIME, {30765, 972969261}) = 0
4739  14:38:32 clock_gettime(CLOCK_BOOTTIME, {30765, 973006587}) = 0
4739  14:38:32 select(8, [4 5], [4], NULL, NULL) = 1 (out [4])
4739  14:38:32 clock_gettime(CLOCK_BOOTTIME, {30765, 973081628}) = 0
4739  14:38:32 write(4, "\252bi\362\21\35'g\260\211\302Os[\270}F\7!\257\330\21\252\216H6\357\264X39j"..., 40) = 40
4739  14:38:32 clock_gettime(CLOCK_BOOTTIME, {30765, 973445928}) = 0
4739  14:38:32 clock_gettime(CLOCK_BOOTTIME, {30765, 973488900}) = 0
4739  14:38:32 select(8, [4 5], [], NULL, NULL) = 1 (in [4])
4739  14:38:32 clock_gettime(CLOCK_BOOTTIME, {30765, 976381709}) = 0
4739  14:38:32 read(4, "24\375\1F$\264\214\360\337\370^\231[\371<v\312\1\211\353F\36\32\241\4a\256\353\224E4"..., 8192) = 40
4739  14:38:32 clock_gettime(CLOCK_BOOTTIME, {30765, 976442240}) = 0
4739  14:38:32 clock_gettime(CLOCK_BOOTTIME, {30765, 976459989}) = 0
4739  14:38:32 select(8, [4 5], [6], NULL, NULL) = 1 (out [6])
4739  14:38:32 clock_gettime(CLOCK_BOOTTIME, {30765, 976502643}) = 0
4739  14:38:32 write(6, "l", 1)         = 1
4739  14:38:32 clock_gettime(CLOCK_BOOTTIME, {30765, 976581677}) = 0
4739  14:38:32 clock_gettime(CLOCK_BOOTTIME, {30765, 976601086}) = 0
4739  14:38:32 select(8, [4 5], [], NULL, NULL) = 1 (in [5])
4739  14:38:32 clock_gettime(CLOCK_BOOTTIME, {30766, 134913285}) = 0
4739  14:38:32 read(5, "l", 16384)      = 1
4739  14:38:32 clock_gettime(CLOCK_BOOTTIME, {30766, 135021274}) = 0
4739  14:38:32 clock_gettime(CLOCK_BOOTTIME, {30766, 135048435}) = 0
4739  14:38:32 select(8, [4 5], [4], NULL, NULL) = 1 (out [4])
4739  14:38:32 clock_gettime(CLOCK_BOOTTIME, {30766, 135117826}) = 0
4739  14:38:32 write(4, "\336{e\253t-\334\2[\204\264rw\32\214\345\0017\306~\37\237\317rv\254\n\270\222\23\213\30"..., 40) = 40
4739  14:38:32 clock_gettime(CLOCK_BOOTTIME, {30766, 135675610}) = 0
4739  14:38:32 clock_gettime(CLOCK_BOOTTIME, {30766, 135706717}) = 0
4739  14:38:32 select(8, [4 5], [], NULL, NULL) = 1 (in [4])
4739  14:38:32 clock_gettime(CLOCK_BOOTTIME, {30766, 138080117}) = 0
4739  14:38:32 read(4, ",\225\200U7\342\3\361\314\334\300\277\312\7P\305\30\207\246\254\243T \31PW(TCL\204u"..., 8192) = 40
4739  14:38:32 clock_gettime(CLOCK_BOOTTIME, {30766, 138201250}) = 0
4739  14:38:32 clock_gettime(CLOCK_BOOTTIME, {30766, 138227891}) = 0
4739  14:38:32 select(8, [4 5], [6], NULL, NULL) = 1 (out [6])
4739  14:38:32 clock_gettime(CLOCK_BOOTTIME, {30766, 138293770}) = 0
4739  14:38:32 write(6, "l", 1)         = 1
4739  14:38:32 clock_gettime(CLOCK_BOOTTIME, {30766, 138398777}) = 0
4739  14:38:32 clock_gettime(CLOCK_BOOTTIME, {30766, 138428333}) = 0
4739  14:38:32 select(8, [4 5], [], NULL, NULL) = 1 (in [5])
4739  14:38:33 clock_gettime(CLOCK_BOOTTIME, {30766, 397558363}) = 0
4739  14:38:33 read(5, "\r", 16384)     = 1
4739  14:38:33 clock_gettime(CLOCK_BOOTTIME, {30766, 397743948}) = 0
4739  14:38:33 clock_gettime(CLOCK_BOOTTIME, {30766, 397803193}) = 0
4739  14:38:33 select(8, [4 5], [4], NULL, NULL) = 1 (out [4])
4739  14:38:33 clock_gettime(CLOCK_BOOTTIME, {30766, 397940209}) = 0
4739  14:38:33 write(4, "K!\307i\267\356SMY\267\32\7\252j\257\345M\0w?\320\340\300\226\f]-\303\227\250\34\351"..., 40) = 40
4739  14:38:33 clock_gettime(CLOCK_BOOTTIME, {30766, 398224103}) = 0
4739  14:38:33 clock_gettime(CLOCK_BOOTTIME, {30766, 398271382}) = 0
4739  14:38:33 select(8, [4 5], [], NULL, NULL) = 1 (in [4])
4739  14:38:33 clock_gettime(CLOCK_BOOTTIME, {30766, 402906898}) = 0
4739  14:38:33 read(4, "<\1\212g\343\311\215\337\274\377\277k\310]F)rt\214\3403\4\1}\5K\r\204\254\314O\334"..., 8192) = 40
4739  14:38:33 clock_gettime(CLOCK_BOOTTIME, {30766, 402970160}) = 0
4739  14:38:33 clock_gettime(CLOCK_BOOTTIME, {30766, 402988666}) = 0
4739  14:38:33 select(8, [4 5], [6], NULL, NULL) = 1 (out [6])
4739  14:38:33 clock_gettime(CLOCK_BOOTTIME, {30766, 403034608}) = 0
4739  14:38:33 write(6, "\r\n", 2)      = 2
4739  14:38:33 clock_gettime(CLOCK_BOOTTIME, {30766, 403136235}) = 0
4739  14:38:33 clock_gettime(CLOCK_BOOTTIME, {30766, 403168223}) = 0
4739  14:38:33 select(8, [4 5], [], NULL, NULL) = 1 (in [4])
4739  14:38:33 clock_gettime(CLOCK_BOOTTIME, {30766, 412447214}) = 0
4739  14:38:33 read(4, "\271\352|\366\256\252U\321\332\20771\265m\226\fp\3|{\373S\372\2\204\376\227\4\224\321\30\331"..., 8192) = 792
4739  14:38:33 clock_gettime(CLOCK_BOOTTIME, {30766, 412816305}) = 0
4739  14:38:33 clock_gettime(CLOCK_BOOTTIME, {30766, 412841494}) = 0
4739  14:38:33 select(8, [4 5], [6], NULL, NULL) = 1 (out [6])
4739  14:38:33 clock_gettime(CLOCK_BOOTTIME, {30766, 412900742}) = 0
4739  14:38:33 write(6, "total 92\r\n-rw-------. 1 root roo"..., 752) = 752
4739  14:38:33 clock_gettime(CLOCK_BOOTTIME, {30766, 412993577}) = 0
4739  14:38:33 clock_gettime(CLOCK_BOOTTIME, {30766, 413013811}) = 0
4739  14:38:33 select(8, [4 5], [], NULL, NULL) = 1 (in [5])
4739  14:38:34 clock_gettime(CLOCK_BOOTTIME, {30767, 456386377}) = 0
4739  14:38:34 read(5, "d", 16384)      = 1
4739  14:38:34 clock_gettime(CLOCK_BOOTTIME, {30767, 456475992}) = 0
4739  14:38:34 clock_gettime(CLOCK_BOOTTIME, {30767, 456499680}) = 0
4739  14:38:34 select(8, [4 5], [4], NULL, NULL) = 1 (out [4])
4739  14:38:34 clock_gettime(CLOCK_BOOTTIME, {30767, 456561219}) = 0
4739  14:38:34 write(4, "O\5\26\254\327\303\251\2A6/\330\r2\214\20\214h\372\307\352K\262lHg-\37\3220\244\357"..., 40) = 40
4739  14:38:34 clock_gettime(CLOCK_BOOTTIME, {30767, 456728242}) = 0
4739  14:38:34 clock_gettime(CLOCK_BOOTTIME, {30767, 456762836}) = 0
4739  14:38:34 select(8, [4 5], [], NULL, NULL) = 1 (in [4])
4739  14:38:34 clock_gettime(CLOCK_BOOTTIME, {30767, 461098787}) = 0
4739  14:38:34 read(4, "\375\335\374\f\261m\303\245/[\0\27\221\371\350i\310<!\243\224\265\303\235d\304\300\200\7\360>a"..., 8192) = 40
4739  14:38:34 clock_gettime(CLOCK_BOOTTIME, {30767, 461183070}) = 0
4739  14:38:34 clock_gettime(CLOCK_BOOTTIME, {30767, 461207459}) = 0
4739  14:38:34 select(8, [4 5], [6], NULL, NULL) = 1 (out [6])
4739  14:38:34 clock_gettime(CLOCK_BOOTTIME, {30767, 461267718}) = 0
4739  14:38:34 write(6, "d", 1)         = 1
4739  14:38:34 clock_gettime(CLOCK_BOOTTIME, {30767, 461501783}) = 0
4739  14:38:34 clock_gettime(CLOCK_BOOTTIME, {30767, 461529986}) = 0
4739  14:38:34 select(8, [4 5], [], NULL, NULL) = 1 (in [5])
4739  14:38:34 clock_gettime(CLOCK_BOOTTIME, {30767, 837376450}) = 0
4739  14:38:34 read(5, "f", 16384)      = 1
4739  14:38:34 clock_gettime(CLOCK_BOOTTIME, {30767, 837559883}) = 0
4739  14:38:34 clock_gettime(CLOCK_BOOTTIME, {30767, 837627836}) = 0
4739  14:38:34 select(8, [4 5], [4], NULL, NULL) = 1 (out [4])
4739  14:38:34 clock_gettime(CLOCK_BOOTTIME, {30767, 837809001}) = 0
4739  14:38:34 write(4, "#\247\304\377\323I\335xp\22},\350\275)r\31H\215\2\337RW\365\333>\232:\310-\2020"..., 40) = 40
4739  14:38:34 clock_gettime(CLOCK_BOOTTIME, {30767, 838145761}) = 0
4739  14:38:34 clock_gettime(CLOCK_BOOTTIME, {30767, 838258905}) = 0
4739  14:38:34 select(8, [4 5], [], NULL, NULL) = 1 (in [4])
4739  14:38:34 clock_gettime(CLOCK_BOOTTIME, {30767, 841794801}) = 0
4739  14:38:34 read(4, "\205\302\247F\276#\3735\200s(\363\264\257\366\351\0328b\373\213\314\332\241\374U\333\353\201\31`\301"..., 8192) = 40
4739  14:38:34 clock_gettime(CLOCK_BOOTTIME, {30767, 841983359}) = 0
4739  14:38:34 clock_gettime(CLOCK_BOOTTIME, {30767, 842046147}) = 0
4739  14:38:34 select(8, [4 5], [6], NULL, NULL) = 1 (out [6])
4739  14:38:34 clock_gettime(CLOCK_BOOTTIME, {30767, 842244417}) = 0
4739  14:38:34 write(6, "f", 1)         = 1
4739  14:38:34 clock_gettime(CLOCK_BOOTTIME, {30767, 842846992}) = 0
4739  14:38:34 clock_gettime(CLOCK_BOOTTIME, {30767, 843042642}) = 0
4739  14:38:34 select(8, [4 5], [], NULL, NULL) = 1 (in [5])
4739  14:38:34 clock_gettime(CLOCK_BOOTTIME, {30768, 132668340}) = 0
4739  14:38:34 read(5, " ", 16384)      = 1
4739  14:38:34 clock_gettime(CLOCK_BOOTTIME, {30768, 132802494}) = 0
4739  14:38:34 clock_gettime(CLOCK_BOOTTIME, {30768, 132839496}) = 0
4739  14:38:34 select(8, [4 5], [4], NULL, NULL) = 1 (out [4])
4739  14:38:34 clock_gettime(CLOCK_BOOTTIME, {30768, 132928411}) = 0
4739  14:38:34 write(4, "\346[\225cA\372\204\257z\267i\251\345\1L\334\205@F\241m%8\240\24439!\2141L\271"..., 40) = 40
4739  14:38:34 clock_gettime(CLOCK_BOOTTIME, {30768, 133132581}) = 0
4739  14:38:34 clock_gettime(CLOCK_BOOTTIME, {30768, 133170969}) = 0
4739  14:38:34 select(8, [4 5], [], NULL, NULL) = 1 (in [4])
4739  14:38:34 clock_gettime(CLOCK_BOOTTIME, {30768, 135270346}) = 0
4739  14:38:34 read(4, "2\253\253\273\274\364\226\274\262\261\205^kv|\21|\16\0255\241h\373\277Y`\222eO\0050\254"..., 8192) = 40
4739  14:38:34 clock_gettime(CLOCK_BOOTTIME, {30768, 135330570}) = 0
4739  14:38:34 clock_gettime(CLOCK_BOOTTIME, {30768, 135347584}) = 0
4739  14:38:34 select(8, [4 5], [6], NULL, NULL) = 1 (out [6])
4739  14:38:34 clock_gettime(CLOCK_BOOTTIME, {30768, 135390431}) = 0
4739  14:38:34 write(6, " ", 1)         = 1
4739  14:38:34 clock_gettime(CLOCK_BOOTTIME, {30768, 135462177}) = 0
4739  14:38:34 clock_gettime(CLOCK_BOOTTIME, {30768, 135481157}) = 0
4739  14:38:34 select(8, [4 5], [], NULL, NULL) = 1 (in [5])
4739  14:38:35 clock_gettime(CLOCK_BOOTTIME, {30768, 409977234}) = 0
4739  14:38:35 read(5, "-", 16384)      = 1
4739  14:38:35 clock_gettime(CLOCK_BOOTTIME, {30768, 410074805}) = 0
4739  14:38:35 clock_gettime(CLOCK_BOOTTIME, {30768, 410107454}) = 0
4739  14:38:35 select(8, [4 5], [4], NULL, NULL) = 1 (out [4])
4739  14:38:35 clock_gettime(CLOCK_BOOTTIME, {30768, 410186283}) = 0
4739  14:38:35 write(4, "\346\207I\10\3337Z\265B\263a\335\326\325Mh8p\4\v\216Y6\6\26\17\207\200\235\260\250\346"..., 40) = 40
4739  14:38:35 clock_gettime(CLOCK_BOOTTIME, {30768, 410360047}) = 0
4739  14:38:35 clock_gettime(CLOCK_BOOTTIME, {30768, 410395816}) = 0
4739  14:38:35 select(8, [4 5], [], NULL, NULL) = 1 (in [4])
4739  14:38:35 clock_gettime(CLOCK_BOOTTIME, {30768, 411934042}) = 0
4739  14:38:35 read(4, "\21\241$\247\254\364\355\361\225x\374\321S.@*\212&\343\231\3142\310DEf[\t7\373\335\367"..., 8192) = 40
4739  14:38:35 clock_gettime(CLOCK_BOOTTIME, {30768, 412036311}) = 0
4739  14:38:35 clock_gettime(CLOCK_BOOTTIME, {30768, 412067942}) = 0
4739  14:38:35 select(8, [4 5], [6], NULL, NULL) = 1 (out [6])
4739  14:38:35 clock_gettime(CLOCK_BOOTTIME, {30768, 412144331}) = 0
4739  14:38:35 write(6, "-", 1)         = 1
4739  14:38:35 clock_gettime(CLOCK_BOOTTIME, {30768, 412292973}) = 0
4739  14:38:35 clock_gettime(CLOCK_BOOTTIME, {30768, 412326338}) = 0
4739  14:38:35 select(8, [4 5], [], NULL, NULL) = 1 (in [5])
4739  14:38:35 clock_gettime(CLOCK_BOOTTIME, {30768, 735365459}) = 0
4739  14:38:35 read(5, "h", 16384)      = 1
4739  14:38:35 clock_gettime(CLOCK_BOOTTIME, {30768, 735566955}) = 0
4739  14:38:35 clock_gettime(CLOCK_BOOTTIME, {30768, 735615201}) = 0
4739  14:38:35 select(8, [4 5], [4], NULL, NULL) = 1 (out [4])
4739  14:38:35 clock_gettime(CLOCK_BOOTTIME, {30768, 735733790}) = 0
4739  14:38:35 write(4, "O\370a\246lwX\307\243\303\270\32\345\301~\321+\261-~#\253T\260\277\362\314;SD/:"..., 40) = 40
4739  14:38:35 clock_gettime(CLOCK_BOOTTIME, {30768, 736041512}) = 0
4739  14:38:35 clock_gettime(CLOCK_BOOTTIME, {30768, 736119254}) = 0
4739  14:38:35 select(8, [4 5], [], NULL, NULL) = 1 (in [4])
4739  14:38:35 clock_gettime(CLOCK_BOOTTIME, {30768, 741364340}) = 0
4739  14:38:35 read(4, "$\3076\346MJ\1{\366\331H\1\354\353/\241\307\302\2G\304N\373%&\2178\312\373\276u*"..., 8192) = 40
4739  14:38:35 clock_gettime(CLOCK_BOOTTIME, {30768, 741598048}) = 0
4739  14:38:35 clock_gettime(CLOCK_BOOTTIME, {30768, 741652056}) = 0
4739  14:38:35 select(8, [4 5], [6], NULL, NULL) = 1 (out [6])
4739  14:38:35 clock_gettime(CLOCK_BOOTTIME, {30768, 741814309}) = 0
4739  14:38:35 write(6, "h", 1)         = 1
4739  14:38:35 clock_gettime(CLOCK_BOOTTIME, {30768, 741969542}) = 0
4739  14:38:35 clock_gettime(CLOCK_BOOTTIME, {30768, 742014019}) = 0
4739  14:38:35 select(8, [4 5], [], NULL, NULL) = 1 (in [5])
4739  14:38:35 clock_gettime(CLOCK_BOOTTIME, {30769, 63065324}) = 0
4739  14:38:35 read(5, "\r", 16384)     = 1
4739  14:38:35 clock_gettime(CLOCK_BOOTTIME, {30769, 63197173}) = 0
4739  14:38:35 clock_gettime(CLOCK_BOOTTIME, {30769, 63232719}) = 0
4739  14:38:35 select(8, [4 5], [4], NULL, NULL) = 1 (out [4])
4739  14:38:35 clock_gettime(CLOCK_BOOTTIME, {30769, 63331573}) = 0
4739  14:38:35 write(4, "\30\342Rmn#\344\300\360r\31\7\366\237j?\310\25\22\2561\307\323\331\353\252\241]\215\241\260\325"..., 40) = 40
4739  14:38:35 clock_gettime(CLOCK_BOOTTIME, {30769, 63531092}) = 0
4739  14:38:35 clock_gettime(CLOCK_BOOTTIME, {30769, 63565630}) = 0
4739  14:38:35 select(8, [4 5], [], NULL, NULL) = 1 (in [4])
4739  14:38:35 clock_gettime(CLOCK_BOOTTIME, {30769, 66488447}) = 0
4739  14:38:35 read(4, "Q\233\223\365\n\201\331\276P\23\232Q\225w\4\25:\323\266\3\216\5P\330\347\5\4\367\312\0256\243"..., 8192) = 40
4739  14:38:35 clock_gettime(CLOCK_BOOTTIME, {30769, 66597651}) = 0
4739  14:38:35 clock_gettime(CLOCK_BOOTTIME, {30769, 66635595}) = 0
4739  14:38:35 select(8, [4 5], [6], NULL, NULL) = 1 (out [6])
4739  14:38:35 clock_gettime(CLOCK_BOOTTIME, {30769, 66718968}) = 0
4739  14:38:35 write(6, "\r\n", 2)      = 2
4739  14:38:35 clock_gettime(CLOCK_BOOTTIME, {30769, 66823578}) = 0
4739  14:38:35 clock_gettime(CLOCK_BOOTTIME, {30769, 66858956}) = 0
4739  14:38:35 select(8, [4 5], [], NULL, NULL) = 1 (in [4])
4739  14:38:35 clock_gettime(CLOCK_BOOTTIME, {30769, 70001608}) = 0
4739  14:38:35 read(4, "\0n\243\335\10\334-K\255N73\211\342=\326O>\3157\221\357N\177u\210,C\373{\204a"..., 8192) = 248
4739  14:38:35 clock_gettime(CLOCK_BOOTTIME, {30769, 70140476}) = 0
4739  14:38:35 clock_gettime(CLOCK_BOOTTIME, {30769, 70176667}) = 0
4739  14:38:35 select(8, [4 5], [6], NULL, NULL) = 1 (out [6])
4739  14:38:35 clock_gettime(CLOCK_BOOTTIME, {30769, 70263538}) = 0
4739  14:38:35 write(6, "Filesystem            Size  Used"..., 208) = 208
4739  14:38:35 clock_gettime(CLOCK_BOOTTIME, {30769, 70376165}) = 0
4739  14:38:35 clock_gettime(CLOCK_BOOTTIME, {30769, 70409072}) = 0
4739  14:38:35 select(8, [4 5], [], NULL, NULL) = 1 (in [4])
4739  14:38:35 clock_gettime(CLOCK_BOOTTIME, {30769, 75457674}) = 0
4739  14:38:35 read(4, "\t\2153S\367\227\317\370\t&\220t\247Cg\333\226\t\r\332\205\3317\265\373\3743\307F\236w\f"..., 8192) = 136
4739  14:38:35 clock_gettime(CLOCK_BOOTTIME, {30769, 75571599}) = 0
4739  14:38:35 clock_gettime(CLOCK_BOOTTIME, {30769, 75603017}) = 0
4739  14:38:35 select(8, [4 5], [6], NULL, NULL) = 1 (out [6])
4739  14:38:35 clock_gettime(CLOCK_BOOTTIME, {30769, 75682722}) = 0
4739  14:38:35 write(6, "/dev/sr0               59M   59M"..., 106) = 106
4739  14:38:35 clock_gettime(CLOCK_BOOTTIME, {30769, 75798002}) = 0
4739  14:38:35 clock_gettime(CLOCK_BOOTTIME, {30769, 75828776}) = 0
4739  14:38:35 select(8, [4 5], [], NULL, NULL) = 1 (in [5])
4739  14:38:37 clock_gettime(CLOCK_BOOTTIME, {30770, 423150515}) = 0
4739  14:38:37 read(5, "e", 16384)      = 1
4739  14:38:37 clock_gettime(CLOCK_BOOTTIME, {30770, 423269809}) = 0
4739  14:38:37 clock_gettime(CLOCK_BOOTTIME, {30770, 423321565}) = 0
4739  14:38:37 select(8, [4 5], [4], NULL, NULL) = 1 (out [4])
4739  14:38:37 clock_gettime(CLOCK_BOOTTIME, {30770, 423468004}) = 0
4739  14:38:37 write(4, ";>\243\377\3`\353\306\306\262\201\37[\6\250\253\211\316hs\332\20o\305\23\354D,\363\241\3\323"..., 40) = 40
4739  14:38:37 clock_gettime(CLOCK_BOOTTIME, {30770, 423670487}) = 0
4739  14:38:37 clock_gettime(CLOCK_BOOTTIME, {30770, 423722241}) = 0
4739  14:38:37 select(8, [4 5], [], NULL, NULL) = 1 (in [4])
4739  14:38:37 clock_gettime(CLOCK_BOOTTIME, {30770, 427141239}) = 0
4739  14:38:37 read(4, "\245\251\227\tm\3o\302\10\305\323V\2646V\213UbB*\375q5Y\354\325\16\321\324\305\325U"..., 8192) = 40
4739  14:38:37 clock_gettime(CLOCK_BOOTTIME, {30770, 427280375}) = 0
4739  14:38:37 clock_gettime(CLOCK_BOOTTIME, {30770, 427330843}) = 0
4739  14:38:37 select(8, [4 5], [6], NULL, NULL) = 1 (out [6])
4739  14:38:37 clock_gettime(CLOCK_BOOTTIME, {30770, 427503211}) = 0
4739  14:38:37 write(6, "e", 1)         = 1
4739  14:38:37 clock_gettime(CLOCK_BOOTTIME, {30770, 427651926}) = 0
4739  14:38:37 clock_gettime(CLOCK_BOOTTIME, {30770, 427704442}) = 0
4739  14:38:37 select(8, [4 5], [], NULL, NULL) = 1 (in [5])
4739  14:38:37 clock_gettime(CLOCK_BOOTTIME, {30770, 629353738}) = 0
4739  14:38:37 read(5, "x", 16384)      = 1
4739  14:38:37 clock_gettime(CLOCK_BOOTTIME, {30770, 629452605}) = 0
4739  14:38:37 clock_gettime(CLOCK_BOOTTIME, {30770, 629516053}) = 0
4739  14:38:37 select(8, [4 5], [4], NULL, NULL) = 1 (out [4])
4739  14:38:37 clock_gettime(CLOCK_BOOTTIME, {30770, 629628218}) = 0
4739  14:38:37 write(4, "\357,\211\225\211\343\326\372?\244L\23\0\352\204~yq\375C\353\220\31\347,\10\302x$c\2072"..., 40) = 40
4739  14:38:37 clock_gettime(CLOCK_BOOTTIME, {30770, 629813390}) = 0
4739  14:38:37 clock_gettime(CLOCK_BOOTTIME, {30770, 629861732}) = 0
4739  14:38:37 select(8, [4 5], [], NULL, NULL) = 1 (in [4])
4739  14:38:37 clock_gettime(CLOCK_BOOTTIME, {30770, 632129968}) = 0
4739  14:38:37 read(4, "\25r\\1\361\306\36\341\325\237\254\342\16\200\374\243:\315\323JK\215\v\272\351l\1\256js7>"..., 8192) = 40
4739  14:38:37 clock_gettime(CLOCK_BOOTTIME, {30770, 632236837}) = 0
4739  14:38:37 clock_gettime(CLOCK_BOOTTIME, {30770, 632266010}) = 0
4739  14:38:37 select(8, [4 5], [6], NULL, NULL) = 1 (out [6])
4739  14:38:37 clock_gettime(CLOCK_BOOTTIME, {30770, 632338147}) = 0
4739  14:38:37 write(6, "x", 1)         = 1
4739  14:38:37 clock_gettime(CLOCK_BOOTTIME, {30770, 632548144}) = 0
4739  14:38:37 clock_gettime(CLOCK_BOOTTIME, {30770, 632601511}) = 0
4739  14:38:37 select(8, [4 5], [], NULL, NULL) = 1 (in [5])
4739  14:38:37 clock_gettime(CLOCK_BOOTTIME, {30770, 907911283}) = 0
4739  14:38:37 read(5, "i", 16384)      = 1
4739  14:38:37 clock_gettime(CLOCK_BOOTTIME, {30770, 908093629}) = 0
4739  14:38:37 clock_gettime(CLOCK_BOOTTIME, {30770, 908163115}) = 0
4739  14:38:37 select(8, [4 5], [4], NULL, NULL) = 1 (out [4])
4739  14:38:37 clock_gettime(CLOCK_BOOTTIME, {30770, 908489497}) = 0
4739  14:38:37 write(4, "I\37A\"\374&\335\207C\214\16\354\31p0wW\215Dr\365\0\3457#\314\221\351\371\247\224w"..., 40) = 40
4739  14:38:37 clock_gettime(CLOCK_BOOTTIME, {30770, 908819213}) = 0
4739  14:38:37 clock_gettime(CLOCK_BOOTTIME, {30770, 908894105}) = 0
4739  14:38:37 select(8, [4 5], [], NULL, NULL) = 1 (in [4])
4739  14:38:37 clock_gettime(CLOCK_BOOTTIME, {30770, 912105248}) = 0
4739  14:38:37 read(4, "\330q;\f\33\4\177\377\373.\313\232A\316\253l\372r\364\221\316\3152\255>*j\250\212J`\352"..., 8192) = 40
4739  14:38:37 clock_gettime(CLOCK_BOOTTIME, {30770, 912425473}) = 0
4739  14:38:37 clock_gettime(CLOCK_BOOTTIME, {30770, 912502313}) = 0
4739  14:38:37 select(8, [4 5], [6], NULL, NULL) = 1 (out [6])
4739  14:38:37 clock_gettime(CLOCK_BOOTTIME, {30770, 912687192}) = 0
4739  14:38:37 write(6, "i", 1)         = 1
4739  14:38:37 clock_gettime(CLOCK_BOOTTIME, {30770, 912901346}) = 0
4739  14:38:37 clock_gettime(CLOCK_BOOTTIME, {30770, 912977611}) = 0
4739  14:38:37 select(8, [4 5], [], NULL, NULL) = 1 (in [5])
4739  14:38:38 clock_gettime(CLOCK_BOOTTIME, {30771, 160823478}) = 0
4739  14:38:38 read(5, "t", 16384)      = 1
4739  14:38:38 clock_gettime(CLOCK_BOOTTIME, {30771, 160944152}) = 0
4739  14:38:38 clock_gettime(CLOCK_BOOTTIME, {30771, 160982069}) = 0
4739  14:38:38 select(8, [4 5], [4], NULL, NULL) = 1 (out [4])
4739  14:38:38 clock_gettime(CLOCK_BOOTTIME, {30771, 161083497}) = 0
4739  14:38:38 write(4, "\365\352Y[\341A\16\246\376\343\377\365S\370\\\301V\275\216G\"U\312s\306N\266\4?\31\365\37"..., 40) = 40
4739  14:38:38 clock_gettime(CLOCK_BOOTTIME, {30771, 161287743}) = 0
4739  14:38:38 clock_gettime(CLOCK_BOOTTIME, {30771, 161347179}) = 0
4739  14:38:38 select(8, [4 5], [], NULL, NULL) = 1 (in [4])
4739  14:38:38 clock_gettime(CLOCK_BOOTTIME, {30771, 163992805}) = 0
4739  14:38:38 read(4, "\253\210\245\345\372O\2372\200X\221\204\217\202#\377\231>q\254L\240\260\314\255*X\266\317\271^\245"..., 8192) = 40
4739  14:38:38 clock_gettime(CLOCK_BOOTTIME, {30771, 164106565}) = 0
4739  14:38:38 clock_gettime(CLOCK_BOOTTIME, {30771, 164142578}) = 0
4739  14:38:38 select(8, [4 5], [6], NULL, NULL) = 1 (out [6])
4739  14:38:38 clock_gettime(CLOCK_BOOTTIME, {30771, 164226679}) = 0
4739  14:38:38 write(6, "t", 1)         = 1
4739  14:38:38 clock_gettime(CLOCK_BOOTTIME, {30771, 164426280}) = 0
4739  14:38:38 clock_gettime(CLOCK_BOOTTIME, {30771, 164467877}) = 0
4739  14:38:38 select(8, [4 5], [], NULL, NULL) = 1 (in [5])
4739  14:38:38 clock_gettime(CLOCK_BOOTTIME, {30771, 619777897}) = 0
4739  14:38:38 read(5, "\r", 16384)     = 1
4739  14:38:38 clock_gettime(CLOCK_BOOTTIME, {30771, 619887562}) = 0
4739  14:38:38 clock_gettime(CLOCK_BOOTTIME, {30771, 619911193}) = 0
4739  14:38:38 select(8, [4 5], [4], NULL, NULL) = 1 (out [4])
4739  14:38:38 clock_gettime(CLOCK_BOOTTIME, {30771, 619971466}) = 0
4739  14:38:38 write(4, "\252\267-a?\264\201\32z\356\203\23\0f\\\241\2\365\7l\262\302\256\26]u\n\316\3036\t\34"..., 40) = 40
4739  14:38:38 clock_gettime(CLOCK_BOOTTIME, {30771, 620277599}) = 0
4739  14:38:38 clock_gettime(CLOCK_BOOTTIME, {30771, 620304356}) = 0
4739  14:38:38 select(8, [4 5], [], NULL, NULL) = 1 (in [4])
4739  14:38:38 clock_gettime(CLOCK_BOOTTIME, {30771, 622151764}) = 0
4739  14:38:38 read(4, "\376\264\357\231\304\312'Z\324\263\336\313\356\323\330\326E7\255i\242\340\303\23WH\355\322xE\226\321"..., 8192) = 200
4739  14:38:38 close(5)                 = 0
4739  14:38:38 clock_gettime(CLOCK_BOOTTIME, {30771, 622255694}) = 0
4739  14:38:38 clock_gettime(CLOCK_BOOTTIME, {30771, 622276173}) = 0
4739  14:38:38 select(8, [4], [6], NULL, NULL) = 1 (out [6])
4739  14:38:38 clock_gettime(CLOCK_BOOTTIME, {30771, 622326300}) = 0
4739  14:38:38 write(6, "\r\nlogout\r\n", 10) = 10
4739  14:38:38 clock_gettime(CLOCK_BOOTTIME, {30771, 622435300}) = 0
4739  14:38:38 clock_gettime(CLOCK_BOOTTIME, {30771, 622469545}) = 0
4739  14:38:38 close(6)                 = 0
4739  14:38:38 ioctl(0, TCGETS, {B38400 -opost -isig -icanon -echo ...}) = 0
4739  14:38:38 ioctl(0, SNDCTL_TMR_STOP or TCSETSW, {B38400 opost isig icanon echo ...}) = 0
4739  14:38:38 ioctl(0, TCGETS, {B38400 opost isig icanon echo ...}) = 0
4739  14:38:38 close(7)                 = 0
4739  14:38:38 select(8, [4], [4], NULL, NULL) = 1 (out [4])
4739  14:38:38 clock_gettime(CLOCK_BOOTTIME, {30771, 622643995}) = 0
4739  14:38:38 write(4, "\312\21\202ZgZ\370\357\367\330\"\365:\326\343\274\350\310\221\1\16\353K\1", 24) = 24
4739  14:38:38 rt_sigaction(SIGWINCH, NULL, {0x560e9c79ec00, [], SA_RESTORER, 0x7faaed0ac4b0}, 8) = 0
4739  14:38:38 rt_sigaction(SIGWINCH, {SIG_DFL, [], SA_RESTORER, 0x7faaed0ac4b0}, NULL, 8) = 0
4739  14:38:38 write(4, " m\32t7Uy9<\370K\235\25\36\201\313\336\300\346:\260\322\356\304\343\342\276\23\316\nX\333"..., 56) = 56
4739  14:38:38 ioctl(0, TCGETS, {B38400 opost isig icanon echo ...}) = 0
4739  14:38:38 ioctl(1, TCGETS, {B38400 opost isig icanon echo ...}) = 0
4739  14:38:38 ioctl(2, TCGETS, {B38400 opost isig icanon echo ...}) = 0
4739  14:38:38 write(2, "Connection to 192.168.17.134 clo"..., 38) = 38
4739  14:38:38 shutdown(4, SHUT_RDWR)   = 0
4739  14:38:38 close(4)                 = 0
4739  14:38:38 exit_group(0)            = ?
4739  14:38:38 +++ exited with 0 +++
